  CircularBuffer.cpp
  Condition.cpp
  HardwareInformation.cpp
  JvCryption.cpp
  KOSocket.cpp
  RWLock.cpp
  ReferenceObject.cpp
  Socket.cpp
  SocketMgr.cpp
  SocketOpsWin32.cpp
  SocketWin32.cpp
  Thread.cpp
Thread.cpp(19): warning C4101: 'ex': unreferenced local variable
Thread.cpp(39): warning C4101: 'ex': unreferenced local variable
  OdbcCommand.cpp
  OdbcConnection.cpp
  OdbcParameter.cpp
  OdbcRecordset.cpp
  globals.cpp
  signal_handler.cpp
  Ini.cpp
  shared.vcxproj -> C:\Users\srmeier\Documents\Visual Studio 2015\Projects\KnightOnline\Server\shared\..\bin\Release\shared.lib
