c:\users\srmeier\documents\visual studio 2015\projects\knightonline\server\shared\release\shared.pdb
c:\users\srmeier\documents\visual studio 2015\projects\knightonline\server\shared\release\lzf.obj
c:\users\srmeier\documents\visual studio 2015\projects\knightonline\server\shared\release\crc32.obj
c:\users\srmeier\documents\visual studio 2015\projects\knightonline\server\shared\release\tstring.obj
c:\users\srmeier\documents\visual studio 2015\projects\knightonline\server\shared\release\thread.obj
c:\users\srmeier\documents\visual studio 2015\projects\knightonline\server\shared\release\socketwin32.obj
c:\users\srmeier\documents\visual studio 2015\projects\knightonline\server\shared\release\socketopswin32.obj
c:\users\srmeier\documents\visual studio 2015\projects\knightonline\server\shared\release\socketmgr.obj
c:\users\srmeier\documents\visual studio 2015\projects\knightonline\server\shared\release\socket.obj
c:\users\srmeier\documents\visual studio 2015\projects\knightonline\server\shared\release\signal_handler.obj
c:\users\srmeier\documents\visual studio 2015\projects\knightonline\server\shared\release\rwlock.obj
c:\users\srmeier\documents\visual studio 2015\projects\knightonline\server\shared\release\referenceobject.obj
c:\users\srmeier\documents\visual studio 2015\projects\knightonline\server\shared\release\kosocket.obj
c:\users\srmeier\documents\visual studio 2015\projects\knightonline\server\shared\release\jvcryption.obj
c:\users\srmeier\documents\visual studio 2015\projects\knightonline\server\shared\release\hardwareinformation.obj
c:\users\srmeier\documents\visual studio 2015\projects\knightonline\server\shared\release\globals.obj
c:\users\srmeier\documents\visual studio 2015\projects\knightonline\server\shared\release\odbcrecordset.obj
c:\users\srmeier\documents\visual studio 2015\projects\knightonline\server\shared\release\odbcparameter.obj
c:\users\srmeier\documents\visual studio 2015\projects\knightonline\server\shared\release\odbcconnection.obj
c:\users\srmeier\documents\visual studio 2015\projects\knightonline\server\shared\release\odbccommand.obj
c:\users\srmeier\documents\visual studio 2015\projects\knightonline\server\shared\release\condition.obj
c:\users\srmeier\documents\visual studio 2015\projects\knightonline\server\shared\release\circularbuffer.obj
c:\users\srmeier\documents\visual studio 2015\projects\knightonline\server\shared\release\timethread.obj
c:\users\srmeier\documents\visual studio 2015\projects\knightonline\server\shared\release\stdafx.obj
c:\users\srmeier\documents\visual studio 2015\projects\knightonline\server\shared\release\smdfile.obj
c:\users\srmeier\documents\visual studio 2015\projects\knightonline\server\shared\release\ini.obj
c:\users\srmeier\documents\visual studio 2015\projects\knightonline\server\shared\release\debugutils.obj
c:\users\srmeier\documents\visual studio 2015\projects\knightonline\server\bin\release\shared.lib
c:\users\srmeier\documents\visual studio 2015\projects\knightonline\server\shared\release\shared.pch
c:\users\srmeier\documents\visual studio 2015\projects\knightonline\server\shared\..\bin\release\shared.lib
c:\users\srmeier\documents\visual studio 2015\projects\knightonline\server\shared\release\shared.tlog\cl.command.1.tlog
c:\users\srmeier\documents\visual studio 2015\projects\knightonline\server\shared\release\shared.tlog\cl.read.1.tlog
c:\users\srmeier\documents\visual studio 2015\projects\knightonline\server\shared\release\shared.tlog\cl.write.1.tlog
c:\users\srmeier\documents\visual studio 2015\projects\knightonline\server\shared\release\shared.tlog\lib-link.read.1.tlog
c:\users\srmeier\documents\visual studio 2015\projects\knightonline\server\shared\release\shared.tlog\lib-link.write.1.tlog
c:\users\srmeier\documents\visual studio 2015\projects\knightonline\server\shared\release\shared.tlog\lib.command.1.tlog
