  StdAfx.cpp
c:\users\srmeier\documents\visual studio 2015\projects\knightonline\server\shared\ListenSocketWin32.h(25): warning C4996: 'WSASocketA': Use WSASocketW() instead or define _WINSOCK_DEPRECATED_NO_WARNINGS to disable deprecated API warnings
  C:\Program Files (x86)\Windows Kits\8.1\Include\um\winsock2.h(3457): note: see declaration of 'WSASocketA'
  c:\users\srmeier\documents\visual studio 2015\projects\knightonline\server\shared\ListenSocketWin32.h(23): note: while compiling class template member function 'ListenSocket<T>::ListenSocket(SocketMgr *,const char *,uint32)'
          with
          [
              T=CAISocket
          ]
  c:\users\srmeier\documents\visual studio 2015\projects\knightonline\server\shared\KOSocketMgr.h(96): note: see reference to function template instantiation 'ListenSocket<T>::ListenSocket(SocketMgr *,const char *,uint32)' being compiled
          with
          [
              T=CAISocket
          ]
  c:\users\srmeier\documents\visual studio 2015\projects\knightonline\server\shared\KOSocketMgr.h(96): note: see reference to class template instantiation 'ListenSocket<T>' being compiled
          with
          [
              T=CAISocket
          ]
  c:\users\srmeier\documents\visual studio 2015\projects\knightonline\server\shared\KOSocketMgr.h(90): note: while compiling class template member function 'bool KOSocketMgr<T>::Listen(std::string,uint16,uint16)'
          with
          [
              T=CAISocket
          ]
  c:\users\srmeier\documents\visual studio 2015\projects\knightonline\server\gameserver\../shared/ClientSocketMgr.h(10): note: see reference to class template instantiation 'KOSocketMgr<T>' being compiled
          with
          [
              T=CAISocket
          ]
  c:\users\srmeier\documents\visual studio 2015\projects\knightonline\server\gameserver\GameServerDlg.h(537): note: see reference to class template instantiation 'ClientSocketMgr<CAISocket>' being compiled
c:\users\srmeier\documents\visual studio 2015\projects\knightonline\server\shared\ListenSocketWin32.h(37): warning C4996: 'gethostbyname': Use getaddrinfo() or GetAddrInfoW() instead or define _WINSOCK_DEPRECATED_NO_WARNINGS to disable deprecated API warnings
  C:\Program Files (x86)\Windows Kits\8.1\Include\um\winsock2.h(2238): note: see declaration of 'gethostbyname'
  N3ShapeMgr.cpp
  AISocket.cpp
  ArenaHandler.cpp
  AttackHandler.cpp
  CharacterHandler.cpp
  CharacterMovementHandler.cpp
  CharacterSelectionHandler.cpp
  ChatHandler.cpp
  ConsoleInputThread.cpp
  DBAgent.cpp
DBAgent.cpp(1858): warning C4267: 'initializing': conversion from 'size_t' to 'uint16', possible loss of data
  DatabaseThread.cpp
  EventHandler.cpp
EventHandler.cpp(267): warning C4267: 'return': conversion from 'size_t' to 'uint8', possible loss of data
  FriendHandler.cpp
  GameEvent.cpp
  GameServerDlg.cpp
GameServerDlg.cpp(1130): warning C4267: 'initializing': conversion from 'size_t' to 'uint8', possible loss of data
GameServerDlg.cpp(1790): warning C4267: 'initializing': conversion from 'size_t' to 'uint8', possible loss of data
  ItemHandler.cpp
  KingSystem.cpp
  Knights.cpp
  KnightsManager.cpp
  LetterHandler.cpp
  LoadServerData.cpp
  Compiling...
  LoginHandler.cpp
LoginHandler.cpp(38): warning C4267: 'argument': conversion from 'size_t' to 'uint8', possible loss of data
  LuaEngine.cpp
  MagicInstance.cpp
MagicInstance.cpp(1864): warning C4838: conversion from 'uint16' to 'int16' requires a narrowing conversion
  MagicProcess.cpp
  Map.cpp
  MerchantHandler.cpp
  NPCHandler.cpp
  Npc.cpp
  PartyHandler.cpp
  QuestHandler.cpp
  Region.cpp
  RentalHandler.cpp
  SealHandler.cpp
  ShoppingMallHandler.cpp
  TradeHandler.cpp
  Unit.cpp
  UpgradeHandler.cpp
  User.cpp
  lua_bindings.cpp
  main.cpp
shared.lib(TimeThread.obj) : error LNK2011: precompiled object not linked in; image may not run
..\bin\Release\GameServer.exe : fatal error LNK1120: 1 unresolved externals
