  StdAfx.cpp
c:\users\srmeier\documents\visual studio 2015\projects\knightonline\server\shared\ListenSocketWin32.h(25): warning C4996: 'WSASocketA': Use WSASocketW() instead or define _WINSOCK_DEPRECATED_NO_WARNINGS to disable deprecated API warnings
  C:\Program Files (x86)\Windows Kits\8.1\Include\um\winsock2.h(3457): note: see declaration of 'WSASocketA'
  c:\users\srmeier\documents\visual studio 2015\projects\knightonline\server\shared\ListenSocketWin32.h(23): note: while compiling class template member function 'ListenSocket<T>::ListenSocket(SocketMgr *,const char *,uint32)'
          with
          [
              T=CGameSocket
          ]
  c:\users\srmeier\documents\visual studio 2015\projects\knightonline\server\aiserver\../shared/KOSocketMgr.h(96): note: see reference to function template instantiation 'ListenSocket<T>::ListenSocket(SocketMgr *,const char *,uint32)' being compiled
          with
          [
              T=CGameSocket
          ]
  c:\users\srmeier\documents\visual studio 2015\projects\knightonline\server\aiserver\../shared/KOSocketMgr.h(96): note: see reference to class template instantiation 'ListenSocket<T>' being compiled
          with
          [
              T=CGameSocket
          ]
  c:\users\srmeier\documents\visual studio 2015\projects\knightonline\server\aiserver\../shared/KOSocketMgr.h(90): note: while compiling class template member function 'bool KOSocketMgr<CGameSocket>::Listen(std::string,uint16,uint16)'
  c:\users\srmeier\documents\visual studio 2015\projects\knightonline\server\aiserver\ServerDlg.h(141): note: see reference to class template instantiation 'KOSocketMgr<CGameSocket>' being compiled
c:\users\srmeier\documents\visual studio 2015\projects\knightonline\server\shared\ListenSocketWin32.h(37): warning C4996: 'gethostbyname': Use getaddrinfo() or GetAddrInfoW() instead or define _WINSOCK_DEPRECATED_NO_WARNINGS to disable deprecated API warnings
  C:\Program Files (x86)\Windows Kits\8.1\Include\um\winsock2.h(2238): note: see declaration of 'gethostbyname'
  MagicProcess.cpp
  Unit.cpp
  main.cpp
  N3ShapeMgr.cpp
  AIUser.cpp
c:\users\srmeier\documents\visual studio 2015\projects\knightonline\server\shared\ListenSocketWin32.h(25): warning C4996: 'WSASocketA': Use WSASocketW() instead or define _WINSOCK_DEPRECATED_NO_WARNINGS to disable deprecated API warnings
  C:\Program Files (x86)\Windows Kits\8.1\Include\um\winsock2.h(3457): note: see declaration of 'WSASocketA'
  c:\users\srmeier\documents\visual studio 2015\projects\knightonline\server\shared\ListenSocketWin32.h(23): note: while compiling class template member function 'ListenSocket<T>::ListenSocket(SocketMgr *,const char *,uint32)'
          with
          [
              T=CGameSocket
          ]
  c:\users\srmeier\documents\visual studio 2015\projects\knightonline\server\aiserver\../shared/KOSocketMgr.h(96): note: see reference to function template instantiation 'ListenSocket<T>::ListenSocket(SocketMgr *,const char *,uint32)' being compiled
          with
          [
              T=CGameSocket
          ]
  c:\users\srmeier\documents\visual studio 2015\projects\knightonline\server\aiserver\../shared/KOSocketMgr.h(96): note: see reference to class template instantiation 'ListenSocket<T>' being compiled
          with
          [
              T=CGameSocket
          ]
  c:\users\srmeier\documents\visual studio 2015\projects\knightonline\server\aiserver\../shared/KOSocketMgr.h(90): note: while compiling class template member function 'bool KOSocketMgr<CGameSocket>::Listen(std::string,uint16,uint16)'
  c:\users\srmeier\documents\visual studio 2015\projects\knightonline\server\aiserver\ServerDlg.h(141): note: see reference to class template instantiation 'KOSocketMgr<CGameSocket>' being compiled
c:\users\srmeier\documents\visual studio 2015\projects\knightonline\server\shared\ListenSocketWin32.h(37): warning C4996: 'gethostbyname': Use getaddrinfo() or GetAddrInfoW() instead or define _WINSOCK_DEPRECATED_NO_WARNINGS to disable deprecated API warnings
  C:\Program Files (x86)\Windows Kits\8.1\Include\um\winsock2.h(2238): note: see declaration of 'gethostbyname'
  GameSocket.cpp
c:\users\srmeier\documents\visual studio 2015\projects\knightonline\server\shared\ListenSocketWin32.h(25): warning C4996: 'WSASocketA': Use WSASocketW() instead or define _WINSOCK_DEPRECATED_NO_WARNINGS to disable deprecated API warnings
  C:\Program Files (x86)\Windows Kits\8.1\Include\um\winsock2.h(3457): note: see declaration of 'WSASocketA'
  c:\users\srmeier\documents\visual studio 2015\projects\knightonline\server\shared\ListenSocketWin32.h(23): note: while compiling class template member function 'ListenSocket<T>::ListenSocket(SocketMgr *,const char *,uint32)'
          with
          [
              T=CGameSocket
          ]
  c:\users\srmeier\documents\visual studio 2015\projects\knightonline\server\aiserver\../shared/KOSocketMgr.h(96): note: see reference to function template instantiation 'ListenSocket<T>::ListenSocket(SocketMgr *,const char *,uint32)' being compiled
          with
          [
              T=CGameSocket
          ]
  c:\users\srmeier\documents\visual studio 2015\projects\knightonline\server\aiserver\../shared/KOSocketMgr.h(96): note: see reference to class template instantiation 'ListenSocket<T>' being compiled
          with
          [
              T=CGameSocket
          ]
  c:\users\srmeier\documents\visual studio 2015\projects\knightonline\server\aiserver\../shared/KOSocketMgr.h(90): note: while compiling class template member function 'bool KOSocketMgr<CGameSocket>::Listen(std::string,uint16,uint16)'
  c:\users\srmeier\documents\visual studio 2015\projects\knightonline\server\aiserver\ServerDlg.h(141): note: see reference to class template instantiation 'KOSocketMgr<CGameSocket>' being compiled
c:\users\srmeier\documents\visual studio 2015\projects\knightonline\server\shared\ListenSocketWin32.h(37): warning C4996: 'gethostbyname': Use getaddrinfo() or GetAddrInfoW() instead or define _WINSOCK_DEPRECATED_NO_WARNINGS to disable deprecated API warnings
  C:\Program Files (x86)\Windows Kits\8.1\Include\um\winsock2.h(2238): note: see declaration of 'gethostbyname'
  MAP.cpp
c:\users\srmeier\documents\visual studio 2015\projects\knightonline\server\shared\ListenSocketWin32.h(25): warning C4996: 'WSASocketA': Use WSASocketW() instead or define _WINSOCK_DEPRECATED_NO_WARNINGS to disable deprecated API warnings
  C:\Program Files (x86)\Windows Kits\8.1\Include\um\winsock2.h(3457): note: see declaration of 'WSASocketA'
  c:\users\srmeier\documents\visual studio 2015\projects\knightonline\server\shared\ListenSocketWin32.h(23): note: while compiling class template member function 'ListenSocket<T>::ListenSocket(SocketMgr *,const char *,uint32)'
          with
          [
              T=CGameSocket
          ]
  c:\users\srmeier\documents\visual studio 2015\projects\knightonline\server\aiserver\../shared/KOSocketMgr.h(96): note: see reference to function template instantiation 'ListenSocket<T>::ListenSocket(SocketMgr *,const char *,uint32)' being compiled
          with
          [
              T=CGameSocket
          ]
  c:\users\srmeier\documents\visual studio 2015\projects\knightonline\server\aiserver\../shared/KOSocketMgr.h(96): note: see reference to class template instantiation 'ListenSocket<T>' being compiled
          with
          [
              T=CGameSocket
          ]
  c:\users\srmeier\documents\visual studio 2015\projects\knightonline\server\aiserver\../shared/KOSocketMgr.h(90): note: while compiling class template member function 'bool KOSocketMgr<CGameSocket>::Listen(std::string,uint16,uint16)'
  c:\users\srmeier\documents\visual studio 2015\projects\knightonline\server\aiserver\ServerDlg.h(141): note: see reference to class template instantiation 'KOSocketMgr<CGameSocket>' being compiled
c:\users\srmeier\documents\visual studio 2015\projects\knightonline\server\shared\ListenSocketWin32.h(37): warning C4996: 'gethostbyname': Use getaddrinfo() or GetAddrInfoW() instead or define _WINSOCK_DEPRECATED_NO_WARNINGS to disable deprecated API warnings
  C:\Program Files (x86)\Windows Kits\8.1\Include\um\winsock2.h(2238): note: see declaration of 'gethostbyname'
  Npc.cpp
c:\users\srmeier\documents\visual studio 2015\projects\knightonline\server\shared\ListenSocketWin32.h(25): warning C4996: 'WSASocketA': Use WSASocketW() instead or define _WINSOCK_DEPRECATED_NO_WARNINGS to disable deprecated API warnings
  C:\Program Files (x86)\Windows Kits\8.1\Include\um\winsock2.h(3457): note: see declaration of 'WSASocketA'
  c:\users\srmeier\documents\visual studio 2015\projects\knightonline\server\shared\ListenSocketWin32.h(23): note: while compiling class template member function 'ListenSocket<T>::ListenSocket(SocketMgr *,const char *,uint32)'
          with
          [
              T=CGameSocket
          ]
  c:\users\srmeier\documents\visual studio 2015\projects\knightonline\server\aiserver\../shared/KOSocketMgr.h(96): note: see reference to function template instantiation 'ListenSocket<T>::ListenSocket(SocketMgr *,const char *,uint32)' being compiled
          with
          [
              T=CGameSocket
          ]
  c:\users\srmeier\documents\visual studio 2015\projects\knightonline\server\aiserver\../shared/KOSocketMgr.h(96): note: see reference to class template instantiation 'ListenSocket<T>' being compiled
          with
          [
              T=CGameSocket
          ]
  c:\users\srmeier\documents\visual studio 2015\projects\knightonline\server\aiserver\../shared/KOSocketMgr.h(90): note: while compiling class template member function 'bool KOSocketMgr<CGameSocket>::Listen(std::string,uint16,uint16)'
  c:\users\srmeier\documents\visual studio 2015\projects\knightonline\server\aiserver\ServerDlg.h(141): note: see reference to class template instantiation 'KOSocketMgr<CGameSocket>' being compiled
c:\users\srmeier\documents\visual studio 2015\projects\knightonline\server\shared\ListenSocketWin32.h(37): warning C4996: 'gethostbyname': Use getaddrinfo() or GetAddrInfoW() instead or define _WINSOCK_DEPRECATED_NO_WARNINGS to disable deprecated API warnings
  C:\Program Files (x86)\Windows Kits\8.1\Include\um\winsock2.h(2238): note: see declaration of 'gethostbyname'
  NpcMagicProcess.cpp
c:\users\srmeier\documents\visual studio 2015\projects\knightonline\server\shared\ListenSocketWin32.h(25): warning C4996: 'WSASocketA': Use WSASocketW() instead or define _WINSOCK_DEPRECATED_NO_WARNINGS to disable deprecated API warnings
  C:\Program Files (x86)\Windows Kits\8.1\Include\um\winsock2.h(3457): note: see declaration of 'WSASocketA'
  c:\users\srmeier\documents\visual studio 2015\projects\knightonline\server\shared\ListenSocketWin32.h(23): note: while compiling class template member function 'ListenSocket<T>::ListenSocket(SocketMgr *,const char *,uint32)'
          with
          [
              T=CGameSocket
          ]
  c:\users\srmeier\documents\visual studio 2015\projects\knightonline\server\aiserver\../shared/KOSocketMgr.h(96): note: see reference to function template instantiation 'ListenSocket<T>::ListenSocket(SocketMgr *,const char *,uint32)' being compiled
          with
          [
              T=CGameSocket
          ]
  c:\users\srmeier\documents\visual studio 2015\projects\knightonline\server\aiserver\../shared/KOSocketMgr.h(96): note: see reference to class template instantiation 'ListenSocket<T>' being compiled
          with
          [
              T=CGameSocket
          ]
  c:\users\srmeier\documents\visual studio 2015\projects\knightonline\server\aiserver\../shared/KOSocketMgr.h(90): note: while compiling class template member function 'bool KOSocketMgr<CGameSocket>::Listen(std::string,uint16,uint16)'
  c:\users\srmeier\documents\visual studio 2015\projects\knightonline\server\aiserver\ServerDlg.h(141): note: see reference to class template instantiation 'KOSocketMgr<CGameSocket>' being compiled
c:\users\srmeier\documents\visual studio 2015\projects\knightonline\server\shared\ListenSocketWin32.h(37): warning C4996: 'gethostbyname': Use getaddrinfo() or GetAddrInfoW() instead or define _WINSOCK_DEPRECATED_NO_WARNINGS to disable deprecated API warnings
  C:\Program Files (x86)\Windows Kits\8.1\Include\um\winsock2.h(2238): note: see declaration of 'gethostbyname'
  NpcThread.cpp
c:\users\srmeier\documents\visual studio 2015\projects\knightonline\server\shared\ListenSocketWin32.h(25): warning C4996: 'WSASocketA': Use WSASocketW() instead or define _WINSOCK_DEPRECATED_NO_WARNINGS to disable deprecated API warnings
  C:\Program Files (x86)\Windows Kits\8.1\Include\um\winsock2.h(3457): note: see declaration of 'WSASocketA'
  c:\users\srmeier\documents\visual studio 2015\projects\knightonline\server\shared\ListenSocketWin32.h(23): note: while compiling class template member function 'ListenSocket<T>::ListenSocket(SocketMgr *,const char *,uint32)'
          with
          [
              T=CGameSocket
          ]
  c:\users\srmeier\documents\visual studio 2015\projects\knightonline\server\aiserver\../shared/KOSocketMgr.h(96): note: see reference to function template instantiation 'ListenSocket<T>::ListenSocket(SocketMgr *,const char *,uint32)' being compiled
          with
          [
              T=CGameSocket
          ]
  c:\users\srmeier\documents\visual studio 2015\projects\knightonline\server\aiserver\../shared/KOSocketMgr.h(96): note: see reference to class template instantiation 'ListenSocket<T>' being compiled
          with
          [
              T=CGameSocket
          ]
  c:\users\srmeier\documents\visual studio 2015\projects\knightonline\server\aiserver\../shared/KOSocketMgr.h(90): note: while compiling class template member function 'bool KOSocketMgr<CGameSocket>::Listen(std::string,uint16,uint16)'
  c:\users\srmeier\documents\visual studio 2015\projects\knightonline\server\aiserver\ServerDlg.h(141): note: see reference to class template instantiation 'KOSocketMgr<CGameSocket>' being compiled
c:\users\srmeier\documents\visual studio 2015\projects\knightonline\server\shared\ListenSocketWin32.h(37): warning C4996: 'gethostbyname': Use getaddrinfo() or GetAddrInfoW() instead or define _WINSOCK_DEPRECATED_NO_WARNINGS to disable deprecated API warnings
  C:\Program Files (x86)\Windows Kits\8.1\Include\um\winsock2.h(2238): note: see declaration of 'gethostbyname'
  Party.cpp
c:\users\srmeier\documents\visual studio 2015\projects\knightonline\server\shared\ListenSocketWin32.h(25): warning C4996: 'WSASocketA': Use WSASocketW() instead or define _WINSOCK_DEPRECATED_NO_WARNINGS to disable deprecated API warnings
  C:\Program Files (x86)\Windows Kits\8.1\Include\um\winsock2.h(3457): note: see declaration of 'WSASocketA'
  c:\users\srmeier\documents\visual studio 2015\projects\knightonline\server\shared\ListenSocketWin32.h(23): note: while compiling class template member function 'ListenSocket<T>::ListenSocket(SocketMgr *,const char *,uint32)'
          with
          [
              T=CGameSocket
          ]
  c:\users\srmeier\documents\visual studio 2015\projects\knightonline\server\aiserver\../shared/KOSocketMgr.h(96): note: see reference to function template instantiation 'ListenSocket<T>::ListenSocket(SocketMgr *,const char *,uint32)' being compiled
          with
          [
              T=CGameSocket
          ]
  c:\users\srmeier\documents\visual studio 2015\projects\knightonline\server\aiserver\../shared/KOSocketMgr.h(96): note: see reference to class template instantiation 'ListenSocket<T>' being compiled
          with
          [
              T=CGameSocket
          ]
  c:\users\srmeier\documents\visual studio 2015\projects\knightonline\server\aiserver\../shared/KOSocketMgr.h(90): note: while compiling class template member function 'bool KOSocketMgr<CGameSocket>::Listen(std::string,uint16,uint16)'
  c:\users\srmeier\documents\visual studio 2015\projects\knightonline\server\aiserver\ServerDlg.h(141): note: see reference to class template instantiation 'KOSocketMgr<CGameSocket>' being compiled
c:\users\srmeier\documents\visual studio 2015\projects\knightonline\server\shared\ListenSocketWin32.h(37): warning C4996: 'gethostbyname': Use getaddrinfo() or GetAddrInfoW() instead or define _WINSOCK_DEPRECATED_NO_WARNINGS to disable deprecated API warnings
  C:\Program Files (x86)\Windows Kits\8.1\Include\um\winsock2.h(2238): note: see declaration of 'gethostbyname'
  PathFind.cpp
c:\users\srmeier\documents\visual studio 2015\projects\knightonline\server\shared\ListenSocketWin32.h(25): warning C4996: 'WSASocketA': Use WSASocketW() instead or define _WINSOCK_DEPRECATED_NO_WARNINGS to disable deprecated API warnings
  C:\Program Files (x86)\Windows Kits\8.1\Include\um\winsock2.h(3457): note: see declaration of 'WSASocketA'
  c:\users\srmeier\documents\visual studio 2015\projects\knightonline\server\shared\ListenSocketWin32.h(23): note: while compiling class template member function 'ListenSocket<T>::ListenSocket(SocketMgr *,const char *,uint32)'
          with
          [
              T=CGameSocket
          ]
  c:\users\srmeier\documents\visual studio 2015\projects\knightonline\server\aiserver\../shared/KOSocketMgr.h(96): note: see reference to function template instantiation 'ListenSocket<T>::ListenSocket(SocketMgr *,const char *,uint32)' being compiled
          with
          [
              T=CGameSocket
          ]
  c:\users\srmeier\documents\visual studio 2015\projects\knightonline\server\aiserver\../shared/KOSocketMgr.h(96): note: see reference to class template instantiation 'ListenSocket<T>' being compiled
          with
          [
              T=CGameSocket
          ]
  c:\users\srmeier\documents\visual studio 2015\projects\knightonline\server\aiserver\../shared/KOSocketMgr.h(90): note: while compiling class template member function 'bool KOSocketMgr<CGameSocket>::Listen(std::string,uint16,uint16)'
  c:\users\srmeier\documents\visual studio 2015\projects\knightonline\server\aiserver\ServerDlg.h(141): note: see reference to class template instantiation 'KOSocketMgr<CGameSocket>' being compiled
c:\users\srmeier\documents\visual studio 2015\projects\knightonline\server\shared\ListenSocketWin32.h(37): warning C4996: 'gethostbyname': Use getaddrinfo() or GetAddrInfoW() instead or define _WINSOCK_DEPRECATED_NO_WARNINGS to disable deprecated API warnings
  C:\Program Files (x86)\Windows Kits\8.1\Include\um\winsock2.h(2238): note: see declaration of 'gethostbyname'
  RoomEvent.cpp
c:\users\srmeier\documents\visual studio 2015\projects\knightonline\server\shared\ListenSocketWin32.h(25): warning C4996: 'WSASocketA': Use WSASocketW() instead or define _WINSOCK_DEPRECATED_NO_WARNINGS to disable deprecated API warnings
  C:\Program Files (x86)\Windows Kits\8.1\Include\um\winsock2.h(3457): note: see declaration of 'WSASocketA'
  c:\users\srmeier\documents\visual studio 2015\projects\knightonline\server\shared\ListenSocketWin32.h(23): note: while compiling class template member function 'ListenSocket<T>::ListenSocket(SocketMgr *,const char *,uint32)'
          with
          [
              T=CGameSocket
          ]
  c:\users\srmeier\documents\visual studio 2015\projects\knightonline\server\aiserver\../shared/KOSocketMgr.h(96): note: see reference to function template instantiation 'ListenSocket<T>::ListenSocket(SocketMgr *,const char *,uint32)' being compiled
          with
          [
              T=CGameSocket
          ]
  c:\users\srmeier\documents\visual studio 2015\projects\knightonline\server\aiserver\../shared/KOSocketMgr.h(96): note: see reference to class template instantiation 'ListenSocket<T>' being compiled
          with
          [
              T=CGameSocket
          ]
  c:\users\srmeier\documents\visual studio 2015\projects\knightonline\server\aiserver\../shared/KOSocketMgr.h(90): note: while compiling class template member function 'bool KOSocketMgr<CGameSocket>::Listen(std::string,uint16,uint16)'
  c:\users\srmeier\documents\visual studio 2015\projects\knightonline\server\aiserver\ServerDlg.h(141): note: see reference to class template instantiation 'KOSocketMgr<CGameSocket>' being compiled
c:\users\srmeier\documents\visual studio 2015\projects\knightonline\server\shared\ListenSocketWin32.h(37): warning C4996: 'gethostbyname': Use getaddrinfo() or GetAddrInfoW() instead or define _WINSOCK_DEPRECATED_NO_WARNINGS to disable deprecated API warnings
  C:\Program Files (x86)\Windows Kits\8.1\Include\um\winsock2.h(2238): note: see declaration of 'gethostbyname'
  ServerDlg.cpp
c:\users\srmeier\documents\visual studio 2015\projects\knightonline\server\shared\ListenSocketWin32.h(25): warning C4996: 'WSASocketA': Use WSASocketW() instead or define _WINSOCK_DEPRECATED_NO_WARNINGS to disable deprecated API warnings
  C:\Program Files (x86)\Windows Kits\8.1\Include\um\winsock2.h(3457): note: see declaration of 'WSASocketA'
  c:\users\srmeier\documents\visual studio 2015\projects\knightonline\server\shared\ListenSocketWin32.h(23): note: while compiling class template member function 'ListenSocket<T>::ListenSocket(SocketMgr *,const char *,uint32)'
          with
          [
              T=CGameSocket
          ]
  c:\users\srmeier\documents\visual studio 2015\projects\knightonline\server\aiserver\../shared/KOSocketMgr.h(96): note: see reference to function template instantiation 'ListenSocket<T>::ListenSocket(SocketMgr *,const char *,uint32)' being compiled
          with
          [
              T=CGameSocket
          ]
  c:\users\srmeier\documents\visual studio 2015\projects\knightonline\server\aiserver\../shared/KOSocketMgr.h(27): note: see reference to class template instantiation 'ListenSocket<T>' being compiled
          with
          [
              T=CGameSocket
          ]
  c:\users\srmeier\documents\visual studio 2015\projects\knightonline\server\aiserver\../shared/KOSocketMgr.h(25): note: while compiling class template member function 'void KOSocketMgr<CGameSocket>::RunServer(void)'
  ServerDlg.cpp(687): note: see reference to function template instantiation 'void KOSocketMgr<CGameSocket>::RunServer(void)' being compiled
  c:\users\srmeier\documents\visual studio 2015\projects\knightonline\server\aiserver\ServerDlg.h(141): note: see reference to class template instantiation 'KOSocketMgr<CGameSocket>' being compiled
c:\users\srmeier\documents\visual studio 2015\projects\knightonline\server\shared\ListenSocketWin32.h(37): warning C4996: 'gethostbyname': Use getaddrinfo() or GetAddrInfoW() instead or define _WINSOCK_DEPRECATED_NO_WARNINGS to disable deprecated API warnings
  C:\Program Files (x86)\Windows Kits\8.1\Include\um\winsock2.h(2238): note: see declaration of 'gethostbyname'
shared.lib(TimeThread.obj) : error LNK2011: precompiled object not linked in; image may not run
..\bin\Release\AIServer.exe : fatal error LNK1120: 1 unresolved externals
