[ MONSTER - 14:24:51 ] Killer=test2,SID=751,Target=Earth worm,Zone=21,X=254,Z=302
[ MONSTER - 14:24:58 ] Killer=test2,SID=751,Target=Earth worm,Zone=21,X=246,Z=291
[ MONSTER - 14:36:58 ] Killer=test2,SID=751,Target=Earth worm,Zone=21,X=250,Z=302
[ MONSTER - 14:37:1 ] Killer=test2,SID=751,Target=Earth worm,Zone=21,X=246,Z=299
[ MONSTER - 14:37:5 ] Killer=test2,SID=850,Target=Bandicoot,Zone=21,X=239,Z=302
[ MONSTER - 14:37:18 ] Killer=test2,SID=755,Target=Snatcher,Zone=21,X=210,Z=271
[ MONSTER - 14:37:28 ] Killer=test2,SID=250,Target=Bulcan,Zone=21,X=201,Z=265
[ MONSTER - 14:37:39 ] Killer=test2,SID=250,Target=Bulcan,Zone=21,X=194,Z=265
[ MONSTER - 14:37:47 ] Killer=test2,SID=755,Target=Snatcher,Zone=21,X=193,Z=244
[ MONSTER - 14:37:56 ] Killer=test2,SID=755,Target=Snatcher,Zone=21,X=195,Z=241
[ MONSTER - 14:38:4 ] Killer=test2,SID=250,Target=Bulcan,Zone=21,X=201,Z=239
[ MONSTER - 19:13:44 ] Killer=test,SID=1315,Target=Samma,Zone=201,X=1054,Z=1070
[ MONSTER - 19:14:16 ] Killer=test,SID=1203,Target=Baron,Zone=201,X=1091,Z=1070
[ MONSTER - 19:14:23 ] Killer=test,SID=608,Target=Barkirra,Zone=201,X=1117,Z=1044
[ MONSTER - 19:14:31 ] Killer=test,SID=1206,Target=Bishop,Zone=201,X=1104,Z=997
[ MONSTER - 19:14:39 ] Killer=test,SID=1305,Target=Javana,Zone=201,X=1096,Z=993
[ MONSTER - 19:14:46 ] Killer=test,SID=607,Target=Barrkk,Zone=201,X=1099,Z=988
[ MONSTER - 19:14:56 ] Killer=test,SID=914,Target=Shaula,Zone=201,X=1076,Z=990
[ MONSTER - 19:15:1 ] Killer=test,SID=506,Target=Lobo,Zone=201,X=1089,Z=991
[ MONSTER - 19:15:42 ] Killer=test,SID=507,Target=Lupus,Zone=201,X=1127,Z=972
