[ MONSTER - 16:43:16 ] Killer=test2,SID=751,Target=Earth worm,Zone=21,X=253,Z=290
[ MONSTER - 16:43:28 ] Killer=test2,SID=751,Target=Earth worm,Zone=21,X=246,Z=280
[ MONSTER - 17:3:49 ] Killer=test2,SID=751,Target=Earth worm,Zone=21,X=261,Z=300
[ MONSTER - 17:4:41 ] Killer=test2,SID=850,Target=Bandicoot,Zone=21,X=246,Z=304
[ MONSTER - 17:5:2 ] Killer=test2,SID=751,Target=Earth worm,Zone=21,X=247,Z=292
[ MONSTER - 17:5:52 ] Killer=test2,SID=751,Target=Earth worm,Zone=21,X=248,Z=290
[ MONSTER - 17:5:58 ] Killer=test2,SID=751,Target=Earth worm,Zone=21,X=250,Z=294
[ MONSTER - 17:6:6 ] Killer=test2,SID=751,Target=Earth worm,Zone=21,X=237,Z=290
[ MONSTER - 17:6:19 ] Killer=test2,SID=750,Target=Worm,Zone=21,X=231,Z=303
[ MONSTER - 17:11:40 ] Killer=test2,SID=751,Target=Earth worm,Zone=21,X=244,Z=298
[ MONSTER - 17:12:33 ] Killer=test2,SID=751,Target=Earth worm,Zone=21,X=259,Z=276
[ MONSTER - 17:13:11 ] Killer=test2,SID=850,Target=Bandicoot,Zone=21,X=307,Z=260
[ MONSTER - 17:14:6 ] Killer=test2,SID=752,Target=Blood worm,Zone=21,X=305,Z=238
[ MONSTER - 17:14:33 ] Killer=test2,SID=850,Target=Bandicoot,Zone=21,X=303,Z=246
[ MONSTER - 17:14:41 ] Killer=test2,SID=850,Target=Bandicoot,Zone=21,X=309,Z=254
[ MONSTER - 17:14:47 ] Killer=test2,SID=850,Target=Bandicoot,Zone=21,X=309,Z=252
[ MONSTER - 17:14:52 ] Killer=test2,SID=850,Target=Bandicoot,Zone=21,X=310,Z=248
[ MONSTER - 17:14:58 ] Killer=test2,SID=850,Target=Bandicoot,Zone=21,X=314,Z=247
[ MONSTER - 17:15:2 ] Killer=test2,SID=850,Target=Bandicoot,Zone=21,X=316,Z=248
[ MONSTER - 17:15:23 ] Killer=test2,SID=754,Target=Carrion crawler,Zone=21,X=336,Z=219
[ MONSTER - 17:15:44 ] Killer=test2,SID=754,Target=Carrion crawler,Zone=21,X=348,Z=221
[ MONSTER - 17:15:58 ] Killer=test2,SID=754,Target=Carrion crawler,Zone=21,X=359,Z=231
[ MONSTER - 17:19:57 ] Killer=test2,SID=850,Target=Bandicoot,Zone=21,X=312,Z=248
[ MONSTER - 17:26:1 ] Killer=test2,SID=850,Target=Bandicoot,Zone=21,X=306,Z=259
[ MONSTER - 17:26:7 ] Killer=test2,SID=850,Target=Bandicoot,Zone=21,X=307,Z=255
[ MONSTER - 17:26:19 ] Killer=test2,SID=752,Target=Blood worm,Zone=21,X=300,Z=256
[ MONSTER - 17:26:25 ] Killer=test2,SID=850,Target=Bandicoot,Zone=21,X=307,Z=262
[ MONSTER - 17:26:32 ] Killer=test2,SID=850,Target=Bandicoot,Zone=21,X=308,Z=260
[ MONSTER - 17:26:40 ] Killer=test2,SID=850,Target=Bandicoot,Zone=21,X=307,Z=263
