  StdAfx.cpp
c:\users\srmeier\documents\visual studio 2015\projects\knightonline\server\shared\ListenSocketWin32.h(25): warning C4996: 'WSASocketA': Use WSASocketW() instead or define _WINSOCK_DEPRECATED_NO_WARNINGS to disable deprecated API warnings
  C:\Program Files (x86)\Windows Kits\8.1\Include\um\winsock2.h(3457): note: see declaration of 'WSASocketA'
  c:\users\srmeier\documents\visual studio 2015\projects\knightonline\server\shared\ListenSocketWin32.h(23): note: while compiling class template member function 'ListenSocket<T>::ListenSocket(SocketMgr *,const char *,uint32)'
          with
          [
              T=LoginSession
          ]
  c:\users\srmeier\documents\visual studio 2015\projects\knightonline\server\loginserver\../shared/KOSocketMgr.h(96): note: see reference to function template instantiation 'ListenSocket<T>::ListenSocket(SocketMgr *,const char *,uint32)' being compiled
          with
          [
              T=LoginSession
          ]
  c:\users\srmeier\documents\visual studio 2015\projects\knightonline\server\loginserver\../shared/KOSocketMgr.h(96): note: see reference to class template instantiation 'ListenSocket<T>' being compiled
          with
          [
              T=LoginSession
          ]
  c:\users\srmeier\documents\visual studio 2015\projects\knightonline\server\loginserver\../shared/KOSocketMgr.h(90): note: while compiling class template member function 'bool KOSocketMgr<LoginSession>::Listen(std::string,uint16,uint16)'
  c:\users\srmeier\documents\visual studio 2015\projects\knightonline\server\loginserver\LoginServer.h(30): note: see reference to class template instantiation 'KOSocketMgr<LoginSession>' being compiled
c:\users\srmeier\documents\visual studio 2015\projects\knightonline\server\shared\ListenSocketWin32.h(37): warning C4996: 'gethostbyname': Use getaddrinfo() or GetAddrInfoW() instead or define _WINSOCK_DEPRECATED_NO_WARNINGS to disable deprecated API warnings
  C:\Program Files (x86)\Windows Kits\8.1\Include\um\winsock2.h(2238): note: see declaration of 'gethostbyname'
  DBProcess.cpp
  LoginServer.cpp
  LoginSession.cpp
LoginSession.cpp(84): warning C4267: 'argument': conversion from 'size_t' to 'uint8', possible loss of data
  main.cpp
shared.lib(Ini.obj) : error LNK2011: precompiled object not linked in; image may not run
..\bin\Release\LogInServer.exe : fatal error LNK1120: 1 unresolved externals
