c:\users\stephen\desktop\knightonline\warfare\bin\vc120.pdb
c:\users\stephen\desktop\knightonline\warfare\bin\grassboard.obj
c:\users\stephen\desktop\knightonline\warfare\bin\gameprocoption.obj
c:\users\stephen\desktop\knightonline\warfare\bin\gameprocnationselect.obj
c:\users\stephen\desktop\knightonline\warfare\bin\gameprocmain.obj
c:\users\stephen\desktop\knightonline\warfare\bin\gameproclogin.obj
c:\users\stephen\desktop\knightonline\warfare\bin\gameprocedure.obj
c:\users\stephen\desktop\knightonline\warfare\bin\gameproccharacterselect.obj
c:\users\stephen\desktop\knightonline\warfare\bin\gameproccharactercreate.obj
c:\users\stephen\desktop\knightonline\warfare\bin\gameeng.obj
c:\users\stephen\desktop\knightonline\warfare\bin\gamecursor.obj
c:\users\stephen\desktop\knightonline\warfare\bin\gamebase.obj
c:\users\stephen\desktop\knightonline\warfare\bin\eventmanager.obj
c:\users\stephen\desktop\knightonline\warfare\bin\dungeonmanager.obj
c:\users\stephen\desktop\knightonline\warfare\bin\dfont.obj
c:\users\stephen\desktop\knightonline\warfare\bin\countableitemeditdlg.obj
c:\users\stephen\desktop\knightonline\warfare\bin\compress.obj
c:\users\stephen\desktop\knightonline\warfare\bin\catapult.obj
c:\users\stephen\desktop\knightonline\warfare\bin\birdmng.obj
c:\users\stephen\desktop\knightonline\warfare\bin\bird.obj
c:\users\stephen\desktop\knightonline\warfare\bin\apisocket.obj
c:\users\stephen\desktop\knightonline\warfare\bin\n3fxpartbillboard.obj
c:\users\stephen\desktop\knightonline\warfare\bin\n3fxpartbase.obj
c:\users\stephen\desktop\knightonline\warfare\bin\n3fxmgr.obj
c:\users\stephen\desktop\knightonline\warfare\bin\n3fxbundlegame.obj
c:\users\stephen\desktop\knightonline\warfare\bin\n3fxbundle.obj
c:\users\stephen\desktop\knightonline\warfare\bin\n3colorchange.obj
c:\users\stephen\desktop\knightonline\warfare\bin\n3cloud.obj
c:\users\stephen\desktop\knightonline\warfare\bin\n3basefileaccess.obj
c:\users\stephen\desktop\knightonline\warfare\bin\n3base.obj
c:\users\stephen\desktop\knightonline\warfare\bin\n3alphaprimitivemanager.obj
c:\users\stephen\desktop\knightonline\warfare\bin\magicskillmng.obj
c:\users\stephen\desktop\knightonline\warfare\bin\machinemng.obj
c:\users\stephen\desktop\knightonline\warfare\bin\machinebase.obj
c:\users\stephen\desktop\knightonline\warfare\bin\logwriter.obj
c:\users\stephen\desktop\knightonline\warfare\bin\localinput.obj
c:\users\stephen\desktop\knightonline\warfare\bin\lightmgr.obj
c:\users\stephen\desktop\knightonline\warfare\bin\knightchrmgr.obj
c:\users\stephen\desktop\knightonline\warfare\bin\jpeg.obj
c:\users\stephen\desktop\knightonline\warfare\bin\itemrepairmgr.obj
c:\users\stephen\desktop\knightonline\warfare\bin\grassmng.obj
c:\users\stephen\desktop\knightonline\warfare\bin\n3sndmgr.obj
c:\users\stephen\desktop\knightonline\warfare\bin\n3skymng.obj
c:\users\stephen\desktop\knightonline\warfare\bin\n3sky.obj
c:\users\stephen\desktop\knightonline\warfare\bin\n3shapemgr.obj
c:\users\stephen\desktop\knightonline\warfare\bin\n3shapeextra.obj
c:\users\stephen\desktop\knightonline\warfare\bin\n3river.obj
c:\users\stephen\desktop\knightonline\warfare\bin\n3pond.obj
c:\users\stephen\desktop\knightonline\warfare\bin\n3globaleffect.obj
c:\users\stephen\desktop\knightonline\warfare\bin\n3gesnow.obj
c:\users\stephen\desktop\knightonline\warfare\bin\n3gerain.obj
c:\users\stephen\desktop\knightonline\warfare\bin\n3fxshape.obj
c:\users\stephen\desktop\knightonline\warfare\bin\n3fxpmeshinstance.obj
c:\users\stephen\desktop\knightonline\warfare\bin\n3fxpmesh.obj
c:\users\stephen\desktop\knightonline\warfare\bin\n3fxplug.obj
c:\users\stephen\desktop\knightonline\warfare\bin\n3fxpartparticles.obj
c:\users\stephen\desktop\knightonline\warfare\bin\n3fxpartmesh.obj
c:\users\stephen\desktop\knightonline\warfare\bin\n3fxparticle.obj
c:\users\stephen\desktop\knightonline\warfare\bin\n3fxpartbottomboardgame.obj
c:\users\stephen\desktop\knightonline\warfare\bin\n3fxpartbottomboard.obj
c:\users\stephen\desktop\knightonline\warfare\bin\n3fxpartbillboardgame.obj
c:\users\stephen\desktop\knightonline\warfare\bin\n3uitooltip.obj
c:\users\stephen\desktop\knightonline\warfare\bin\n3uistring.obj
c:\users\stephen\desktop\knightonline\warfare\bin\n3uistatic.obj
c:\users\stephen\desktop\knightonline\warfare\bin\n3uiscrollbar.obj
c:\users\stephen\desktop\knightonline\warfare\bin\n3uiprogress.obj
c:\users\stephen\desktop\knightonline\warfare\bin\n3uilist.obj
c:\users\stephen\desktop\knightonline\warfare\bin\n3uiimage.obj
c:\users\stephen\desktop\knightonline\warfare\bin\n3uiicon.obj
c:\users\stephen\desktop\knightonline\warfare\bin\n3uiedit.obj
c:\users\stephen\desktop\knightonline\warfare\bin\n3uidbclbutton.obj
c:\users\stephen\desktop\knightonline\warfare\bin\n3uibutton.obj
c:\users\stephen\desktop\knightonline\warfare\bin\n3uibase.obj
c:\users\stephen\desktop\knightonline\warfare\bin\n3uiarea.obj
c:\users\stephen\desktop\knightonline\warfare\bin\n3terrainpatch.obj
c:\users\stephen\desktop\knightonline\warfare\bin\n3terrainmanager.obj
c:\users\stephen\desktop\knightonline\warfare\bin\n3terrain.obj
c:\users\stephen\desktop\knightonline\warfare\bin\n3sun.obj
c:\users\stephen\desktop\knightonline\warfare\bin\n3star.obj
c:\users\stephen\desktop\knightonline\warfare\bin\n3sndobjstream.obj
c:\users\stephen\desktop\knightonline\warfare\bin\n3sndobj.obj
c:\users\stephen\desktop\knightonline\warfare\bin\uiclasschange.obj
c:\users\stephen\desktop\knightonline\warfare\bin\uichat.obj
c:\users\stephen\desktop\knightonline\warfare\bin\uicharacterselect.obj
c:\users\stephen\desktop\knightonline\warfare\bin\uicharactercreate.obj
c:\users\stephen\desktop\knightonline\warfare\bin\subprocpertrade.obj
c:\users\stephen\desktop\knightonline\warfare\bin\stdafx.obj
c:\users\stephen\desktop\knightonline\warfare\bin\sharedmem.obj
c:\users\stephen\desktop\knightonline\warfare\bin\servermesh.obj
c:\users\stephen\desktop\knightonline\warfare\bin\pvsmgr.obj
c:\users\stephen\desktop\knightonline\warfare\bin\portalvolume.obj
c:\users\stephen\desktop\knightonline\warfare\bin\playerothermgr.obj
c:\users\stephen\desktop\knightonline\warfare\bin\playerother.obj
c:\users\stephen\desktop\knightonline\warfare\bin\playernpc.obj
c:\users\stephen\desktop\knightonline\warfare\bin\playermyself.obj
c:\users\stephen\desktop\knightonline\warfare\bin\playerbase.obj
c:\users\stephen\desktop\knightonline\warfare\bin\ordermessage.obj
c:\users\stephen\desktop\knightonline\warfare\bin\n3worldmanager.obj
c:\users\stephen\desktop\knightonline\warfare\bin\n3worldbase.obj
c:\users\stephen\desktop\knightonline\warfare\bin\n3uiwndbase.obj
c:\users\stephen\desktop\knightonline\warfare\bin\n3uitrackbar.obj
c:\users\stephen\desktop\knightonline\warfare\bin\uinationselectdlg.obj
c:\users\stephen\desktop\knightonline\warfare\bin\uimessagewnd.obj
c:\users\stephen\desktop\knightonline\warfare\bin\uimessageboxmanager.obj
c:\users\stephen\desktop\knightonline\warfare\bin\uimessagebox.obj
c:\users\stephen\desktop\knightonline\warfare\bin\uimanager.obj
c:\users\stephen\desktop\knightonline\warfare\bin\uilogin.obj
c:\users\stephen\desktop\knightonline\warfare\bin\uiloadingdlg.obj
c:\users\stephen\desktop\knightonline\warfare\bin\uiloading.obj
c:\users\stephen\desktop\knightonline\warfare\bin\uiknightsoperation.obj
c:\users\stephen\desktop\knightonline\warfare\bin\uiitemexchange.obj
c:\users\stephen\desktop\knightonline\warfare\bin\uiinventory.obj
c:\users\stephen\desktop\knightonline\warfare\bin\uiinn.obj
c:\users\stephen\desktop\knightonline\warfare\bin\uiimagetooltipdlg.obj
c:\users\stephen\desktop\knightonline\warfare\bin\uihotkeydlg.obj
c:\users\stephen\desktop\knightonline\warfare\bin\uihelp.obj
c:\users\stephen\desktop\knightonline\warfare\bin\uiendingdisplay.obj
c:\users\stephen\desktop\knightonline\warfare\bin\uidroppeditemdlg.obj
c:\users\stephen\desktop\knightonline\warfare\bin\uidead.obj
c:\users\stephen\desktop\knightonline\warfare\bin\uicreateclanname.obj
c:\users\stephen\desktop\knightonline\warfare\bin\uicmd.obj
c:\users\stephen\desktop\knightonline\warfare\bin\uitradelist.obj
c:\users\stephen\desktop\knightonline\warfare\bin\uitradeexplanation.obj
c:\users\stephen\desktop\knightonline\warfare\bin\uitradeeditdlg.obj
c:\users\stephen\desktop\knightonline\warfare\bin\uitradebbsselector.obj
c:\users\stephen\desktop\knightonline\warfare\bin\uitradebbseditdlg.obj
c:\users\stephen\desktop\knightonline\warfare\bin\uitargetbar.obj
c:\users\stephen\desktop\knightonline\warfare\bin\uistatebar.obj
c:\users\stephen\desktop\knightonline\warfare\bin\uiskilltreedlg.obj
c:\users\stephen\desktop\knightonline\warfare\bin\uirepairtooltipdlg.obj
c:\users\stephen\desktop\knightonline\warfare\bin\uiquesttalk.obj
c:\users\stephen\desktop\knightonline\warfare\bin\uiquestmenu.obj
c:\users\stephen\desktop\knightonline\warfare\bin\uipointinitdlg.obj
c:\users\stephen\desktop\knightonline\warfare\bin\uipertradedlg.obj
c:\users\stephen\desktop\knightonline\warfare\bin\uipartyorforce.obj
c:\users\stephen\desktop\knightonline\warfare\bin\uipartybbsselector.obj
c:\users\stephen\desktop\knightonline\warfare\bin\uipartybbs.obj
c:\users\stephen\desktop\knightonline\warfare\bin\uinpctalk.obj
c:\users\stephen\desktop\knightonline\warfare\bin\uinpcevent.obj
c:\users\stephen\desktop\knightonline\warfare\bin\uinpcchangeevent.obj
c:\users\stephen\desktop\knightonline\warfare\bin\uinotice.obj
c:\users\stephen\desktop\knightonline\warfare\bin\wavefile.obj
c:\users\stephen\desktop\knightonline\warfare\bin\warmessage.obj
c:\users\stephen\desktop\knightonline\warfare\bin\warfaremain.obj
c:\users\stephen\desktop\knightonline\warfare\bin\uiwarp.obj
c:\users\stephen\desktop\knightonline\warfare\bin\uiwarehousedlg.obj
c:\users\stephen\desktop\knightonline\warfare\bin\uivarious.obj
c:\users\stephen\desktop\knightonline\warfare\bin\uitransactiondlg.obj
c:\users\stephen\desktop\knightonline\warfare\bin\uitradesellbbs.obj
c:\users\stephen\desktop\knightonline\warfare\bin\warfare.exe
c:\users\stephen\desktop\knightonline\warfare\bin\warfare.pdb
c:\users\stephen\desktop\knightonline\warfare\bin\warfare.tlog\cl.command.1.tlog
c:\users\stephen\desktop\knightonline\warfare\bin\warfare.tlog\cl.read.1.tlog
c:\users\stephen\desktop\knightonline\warfare\bin\warfare.tlog\cl.write.1.tlog
c:\users\stephen\desktop\knightonline\warfare\bin\warfare.tlog\link.command.1.tlog
c:\users\stephen\desktop\knightonline\warfare\bin\warfare.tlog\link.read.1.tlog
c:\users\stephen\desktop\knightonline\warfare\bin\warfare.tlog\link.write.1.tlog
