  CircularBuffer.cpp
src\CircularBuffer.cpp(6): fatal error C1083: Cannot open include file: 'CircularBuffer.h': No such file or directory
  EbenezerDlg.cpp
src\EbenezerDlg.cpp(4): fatal error C1083: Cannot open include file: 'EbenezerDlg.h': No such file or directory
  GameSocket.cpp
src\GameSocket.cpp(5): fatal error C1083: Cannot open include file: 'GameSocket.h': No such file or directory
  Global.cpp
src\Global.cpp(2): fatal error C1083: Cannot open include file: 'define.h': No such file or directory
  IOCPort.cpp
src\IOCPort.cpp(4): fatal error C1083: Cannot open include file: 'IOCPort.h': No such file or directory
  IOCSocket.cpp
src\IOCSocket.cpp(4): fatal error C1083: Cannot open include file: 'IOCSocket.h': No such file or directory
  Main.cpp
src\Main.cpp(4): fatal error C1083: Cannot open include file: 'Define.h': No such file or directory
  Map.cpp
src\Map.cpp(6): fatal error C1083: Cannot open include file: 'Map.h': No such file or directory
  N3VMesh.cpp
src\N3VMesh.cpp(5): fatal error C1083: Cannot open include file: 'N3VMesh.h': No such file or directory
  Region.cpp
src\Region.cpp(6): fatal error C1083: Cannot open include file: 'Region.h': No such file or directory
  User.cpp
src\User.cpp(6): fatal error C1083: Cannot open include file: 'User.h': No such file or directory
