c:\users\srmeier\documents\visual studio 2015\projects\knightonline\n3base\lib\n3base.pdb
c:\users\srmeier\documents\visual studio 2015\projects\knightonline\n3base\lib\n3fxpartbillboardgame.obj
c:\users\srmeier\documents\visual studio 2015\projects\knightonline\n3base\lib\n3fxpartbillboard.obj
c:\users\srmeier\documents\visual studio 2015\projects\knightonline\n3base\lib\n3fxpartbase.obj
c:\users\srmeier\documents\visual studio 2015\projects\knightonline\n3base\lib\n3fxmgr.obj
c:\users\srmeier\documents\visual studio 2015\projects\knightonline\n3base\lib\n3fxbundlegame.obj
c:\users\srmeier\documents\visual studio 2015\projects\knightonline\n3base\lib\n3fxbundle.obj
c:\users\srmeier\documents\visual studio 2015\projects\knightonline\n3base\lib\n3eng.obj
c:\users\srmeier\documents\visual studio 2015\projects\knightonline\n3base\lib\n3colorchange.obj
c:\users\srmeier\documents\visual studio 2015\projects\knightonline\n3base\lib\n3cloud.obj
c:\users\srmeier\documents\visual studio 2015\projects\knightonline\n3base\lib\n3cloak.obj
c:\users\srmeier\documents\visual studio 2015\projects\knightonline\n3base\lib\n3chr.obj
c:\users\srmeier\documents\visual studio 2015\projects\knightonline\n3base\lib\n3camera.obj
c:\users\srmeier\documents\visual studio 2015\projects\knightonline\n3base\lib\n3basefileaccess.obj
c:\users\srmeier\documents\visual studio 2015\projects\knightonline\n3base\lib\n3base.obj
c:\users\srmeier\documents\visual studio 2015\projects\knightonline\n3base\lib\n3animkey.obj
c:\users\srmeier\documents\visual studio 2015\projects\knightonline\n3base\lib\n3animcontrol.obj
c:\users\srmeier\documents\visual studio 2015\projects\knightonline\n3base\lib\n3alphaprimitivemanager.obj
c:\users\srmeier\documents\visual studio 2015\projects\knightonline\n3base\lib\logwriter.obj
c:\users\srmeier\documents\visual studio 2015\projects\knightonline\n3base\lib\jpeg.obj
c:\users\srmeier\documents\visual studio 2015\projects\knightonline\n3base\lib\dfont.obj
c:\users\srmeier\documents\visual studio 2015\projects\knightonline\n3base\lib\n3pmeshinstance.obj
c:\users\srmeier\documents\visual studio 2015\projects\knightonline\n3base\lib\n3pmeshcreate.obj
c:\users\srmeier\documents\visual studio 2015\projects\knightonline\n3base\lib\n3pmesh.obj
c:\users\srmeier\documents\visual studio 2015\projects\knightonline\n3base\lib\n3moon.obj
c:\users\srmeier\documents\visual studio 2015\projects\knightonline\n3base\lib\n3mesh.obj
c:\users\srmeier\documents\visual studio 2015\projects\knightonline\n3base\lib\n3light.obj
c:\users\srmeier\documents\visual studio 2015\projects\knightonline\n3base\lib\n3joint.obj
c:\users\srmeier\documents\visual studio 2015\projects\knightonline\n3base\lib\n3imesh.obj
c:\users\srmeier\documents\visual studio 2015\projects\knightonline\n3base\lib\n3globaleffect.obj
c:\users\srmeier\documents\visual studio 2015\projects\knightonline\n3base\lib\n3gesnow.obj
c:\users\srmeier\documents\visual studio 2015\projects\knightonline\n3base\lib\n3gerain.obj
c:\users\srmeier\documents\visual studio 2015\projects\knightonline\n3base\lib\n3fxshape.obj
c:\users\srmeier\documents\visual studio 2015\projects\knightonline\n3base\lib\n3fxpmeshinstance.obj
c:\users\srmeier\documents\visual studio 2015\projects\knightonline\n3base\lib\n3fxpmesh.obj
c:\users\srmeier\documents\visual studio 2015\projects\knightonline\n3base\lib\n3fxplug.obj
c:\users\srmeier\documents\visual studio 2015\projects\knightonline\n3base\lib\n3fxpartparticles.obj
c:\users\srmeier\documents\visual studio 2015\projects\knightonline\n3base\lib\n3fxpartmesh.obj
c:\users\srmeier\documents\visual studio 2015\projects\knightonline\n3base\lib\n3fxparticle.obj
c:\users\srmeier\documents\visual studio 2015\projects\knightonline\n3base\lib\n3fxpartbottomboardgame.obj
c:\users\srmeier\documents\visual studio 2015\projects\knightonline\n3base\lib\n3fxpartbottomboard.obj
c:\users\srmeier\documents\visual studio 2015\projects\knightonline\n3base\lib\n3transform.obj
c:\users\srmeier\documents\visual studio 2015\projects\knightonline\n3base\lib\n3texture.obj
c:\users\srmeier\documents\visual studio 2015\projects\knightonline\n3base\lib\n3terrainpatch.obj
c:\users\srmeier\documents\visual studio 2015\projects\knightonline\n3base\lib\n3terrainmanager.obj
c:\users\srmeier\documents\visual studio 2015\projects\knightonline\n3base\lib\n3terrain.obj
c:\users\srmeier\documents\visual studio 2015\projects\knightonline\n3base\lib\n3sun.obj
c:\users\srmeier\documents\visual studio 2015\projects\knightonline\n3base\lib\n3star.obj
c:\users\srmeier\documents\visual studio 2015\projects\knightonline\n3base\lib\n3sndobjstream.obj
c:\users\srmeier\documents\visual studio 2015\projects\knightonline\n3base\lib\n3sndobj.obj
c:\users\srmeier\documents\visual studio 2015\projects\knightonline\n3base\lib\n3sndmgr.obj
c:\users\srmeier\documents\visual studio 2015\projects\knightonline\n3base\lib\n3skymng.obj
c:\users\srmeier\documents\visual studio 2015\projects\knightonline\n3base\lib\n3sky.obj
c:\users\srmeier\documents\visual studio 2015\projects\knightonline\n3base\lib\n3skin.obj
c:\users\srmeier\documents\visual studio 2015\projects\knightonline\n3base\lib\n3shapemgr.obj
c:\users\srmeier\documents\visual studio 2015\projects\knightonline\n3base\lib\n3shapeextra.obj
c:\users\srmeier\documents\visual studio 2015\projects\knightonline\n3base\lib\n3shape.obj
c:\users\srmeier\documents\visual studio 2015\projects\knightonline\n3base\lib\n3scene.obj
c:\users\srmeier\documents\visual studio 2015\projects\knightonline\n3base\lib\n3river2.obj
c:\users\srmeier\documents\visual studio 2015\projects\knightonline\n3base\lib\n3river.obj
c:\users\srmeier\documents\visual studio 2015\projects\knightonline\n3base\lib\n3pond.obj
c:\users\srmeier\documents\visual studio 2015\projects\knightonline\n3base\lib\pick.obj
c:\users\srmeier\documents\visual studio 2015\projects\knightonline\n3base\lib\n3worldmanager.obj
c:\users\srmeier\documents\visual studio 2015\projects\knightonline\n3base\lib\n3worldbase.obj
c:\users\srmeier\documents\visual studio 2015\projects\knightonline\n3base\lib\n3vmesh.obj
c:\users\srmeier\documents\visual studio 2015\projects\knightonline\n3base\lib\n3uiwndbase.obj
c:\users\srmeier\documents\visual studio 2015\projects\knightonline\n3base\lib\n3uitrackbar.obj
c:\users\srmeier\documents\visual studio 2015\projects\knightonline\n3base\lib\n3uitooltip.obj
c:\users\srmeier\documents\visual studio 2015\projects\knightonline\n3base\lib\n3uistring.obj
c:\users\srmeier\documents\visual studio 2015\projects\knightonline\n3base\lib\n3uistatic.obj
c:\users\srmeier\documents\visual studio 2015\projects\knightonline\n3base\lib\n3uiscrollbar.obj
c:\users\srmeier\documents\visual studio 2015\projects\knightonline\n3base\lib\n3uiprogress.obj
c:\users\srmeier\documents\visual studio 2015\projects\knightonline\n3base\lib\n3uilist.obj
c:\users\srmeier\documents\visual studio 2015\projects\knightonline\n3base\lib\n3uiimage.obj
c:\users\srmeier\documents\visual studio 2015\projects\knightonline\n3base\lib\n3uiicon.obj
c:\users\srmeier\documents\visual studio 2015\projects\knightonline\n3base\lib\n3uiedit.obj
c:\users\srmeier\documents\visual studio 2015\projects\knightonline\n3base\lib\n3uidbclbutton.obj
c:\users\srmeier\documents\visual studio 2015\projects\knightonline\n3base\lib\n3uibutton.obj
c:\users\srmeier\documents\visual studio 2015\projects\knightonline\n3base\lib\n3uibase.obj
c:\users\srmeier\documents\visual studio 2015\projects\knightonline\n3base\lib\n3uiarea.obj
c:\users\srmeier\documents\visual studio 2015\projects\knightonline\n3base\lib\n3transformcollision.obj
c:\users\srmeier\documents\visual studio 2015\projects\knightonline\n3base\lib\wavefile.obj
c:\users\srmeier\documents\visual studio 2015\projects\knightonline\n3base\lib\n3base.idb
c:\users\srmeier\documents\visual studio 2015\projects\knightonline\n3base\lib\n3base.lib
c:\users\srmeier\documents\visual studio 2015\projects\knightonline\n3base\lib\n3base.tlog\cl.command.1.tlog
c:\users\srmeier\documents\visual studio 2015\projects\knightonline\n3base\lib\n3base.tlog\cl.read.1.tlog
c:\users\srmeier\documents\visual studio 2015\projects\knightonline\n3base\lib\n3base.tlog\cl.write.1.tlog
c:\users\srmeier\documents\visual studio 2015\projects\knightonline\n3base\lib\n3base.tlog\lib-link.read.1.tlog
c:\users\srmeier\documents\visual studio 2015\projects\knightonline\n3base\lib\n3base.tlog\lib-link.write.1.tlog
c:\users\srmeier\documents\visual studio 2015\projects\knightonline\n3base\lib\n3base.tlog\lib.command.1.tlog
