  DFont.cpp
  JPEG.cpp
  _WIN32_WINNT not defined. Defaulting to _WIN32_WINNT_MAXVER (see WinSDKVer.h)
  LogWriter.cpp
  _WIN32_WINNT not defined. Defaulting to _WIN32_WINNT_MAXVER (see WinSDKVer.h)
src\LogWriter.cpp(60): warning C4474: 'sprintf' : too many arguments passed for format string
  src\LogWriter.cpp(60): note: placeholders and their parameters expect 0 variadic arguments, but 4 were provided
src\LogWriter.cpp(60): warning C4996: 'sprintf': This function or variable may be unsafe. Consider using sprintf_s instead. To disable deprecation, use _CRT_SECURE_NO_WARNINGS. See online help for details.
  C:\Program Files (x86)\Windows Kits\10\Include\10.0.10240.0\ucrt\stdio.h(1769): note: see declaration of 'sprintf'
src\LogWriter.cpp(64): warning C4996: 'sprintf': This function or variable may be unsafe. Consider using sprintf_s instead. To disable deprecation, use _CRT_SECURE_NO_WARNINGS. See online help for details.
  C:\Program Files (x86)\Windows Kits\10\Include\10.0.10240.0\ucrt\stdio.h(1769): note: see declaration of 'sprintf'
src\LogWriter.cpp(89): warning C4996: 'sprintf': This function or variable may be unsafe. Consider using sprintf_s instead. To disable deprecation, use _CRT_SECURE_NO_WARNINGS. See online help for details.
  C:\Program Files (x86)\Windows Kits\10\Include\10.0.10240.0\ucrt\stdio.h(1769): note: see declaration of 'sprintf'
src\LogWriter.cpp(93): warning C4474: 'sprintf' : too many arguments passed for format string
  src\LogWriter.cpp(93): note: placeholders and their parameters expect 0 variadic arguments, but 4 were provided
src\LogWriter.cpp(93): warning C4996: 'sprintf': This function or variable may be unsafe. Consider using sprintf_s instead. To disable deprecation, use _CRT_SECURE_NO_WARNINGS. See online help for details.
  C:\Program Files (x86)\Windows Kits\10\Include\10.0.10240.0\ucrt\stdio.h(1769): note: see declaration of 'sprintf'
src\LogWriter.cpp(112): warning C4996: 'sprintf': This function or variable may be unsafe. Consider using sprintf_s instead. To disable deprecation, use _CRT_SECURE_NO_WARNINGS. See online help for details.
  C:\Program Files (x86)\Windows Kits\10\Include\10.0.10240.0\ucrt\stdio.h(1769): note: see declaration of 'sprintf'
src\LogWriter.cpp(118): warning C4996: 'vsprintf': This function or variable may be unsafe. Consider using vsprintf_s instead. To disable deprecation, use _CRT_SECURE_NO_WARNINGS. See online help for details.
  C:\Program Files (x86)\Windows Kits\10\Include\10.0.10240.0\ucrt\stdio.h(1465): note: see declaration of 'vsprintf'
  N3AlphaPrimitiveManager.cpp
  _WIN32_WINNT not defined. Defaulting to _WIN32_WINNT_MAXVER (see WinSDKVer.h)
  N3AnimControl.cpp
  _WIN32_WINNT not defined. Defaulting to _WIN32_WINNT_MAXVER (see WinSDKVer.h)
C:\Users\srmeier\Desktop\KnightOnline\N3Base\include\N3AnimControl.h(166): warning C4018: '>=': signed/unsigned mismatch
  N3AnimKey.cpp
  _WIN32_WINNT not defined. Defaulting to _WIN32_WINNT_MAXVER (see WinSDKVer.h)
  N3Base.cpp
  _WIN32_WINNT not defined. Defaulting to _WIN32_WINNT_MAXVER (see WinSDKVer.h)
C:\Users\srmeier\Desktop\KnightOnline\N3Base\include\N3FXShape.h(98): warning C4018: '>=': signed/unsigned mismatch
c:\users\srmeier\desktop\knightonline\n3base\include\N3AnimControl.h(166): warning C4018: '>=': signed/unsigned mismatch
c:\users\srmeier\desktop\knightonline\n3base\include\N3Joint.h(53): warning C4018: '>': signed/unsigned mismatch
C:\Users\srmeier\Desktop\KnightOnline\N3Base\include\N3Chr.h(300): warning C4018: '>': signed/unsigned mismatch
C:\Users\srmeier\Desktop\KnightOnline\N3Base\include\N3Chr.h(313): warning C4018: '>=': signed/unsigned mismatch
C:\Users\srmeier\Desktop\KnightOnline\N3Base\include\N3Chr.h(320): warning C4018: '>=': signed/unsigned mismatch
src\N3Base.cpp(343): warning C4244: 'argument': conversion from 'const LONG' to 'float', possible loss of data
src\N3Base.cpp(344): warning C4244: 'argument': conversion from 'const LONG' to 'float', possible loss of data
src\N3Base.cpp(345): warning C4244: 'argument': conversion from 'const LONG' to 'float', possible loss of data
src\N3Base.cpp(346): warning C4244: 'argument': conversion from 'const LONG' to 'float', possible loss of data
  N3BaseFileAccess.cpp
  _WIN32_WINNT not defined. Defaulting to _WIN32_WINNT_MAXVER (see WinSDKVer.h)
  N3Camera.cpp
  _WIN32_WINNT not defined. Defaulting to _WIN32_WINNT_MAXVER (see WinSDKVer.h)
  N3Chr.cpp
  _WIN32_WINNT not defined. Defaulting to _WIN32_WINNT_MAXVER (see WinSDKVer.h)
c:\users\srmeier\desktop\knightonline\n3base\include\N3AnimControl.h(166): warning C4018: '>=': signed/unsigned mismatch
c:\users\srmeier\desktop\knightonline\n3base\include\N3Joint.h(53): warning C4018: '>': signed/unsigned mismatch
C:\Users\srmeier\Desktop\KnightOnline\N3Base\include\N3Chr.h(300): warning C4018: '>': signed/unsigned mismatch
C:\Users\srmeier\Desktop\KnightOnline\N3Base\include\N3Chr.h(313): warning C4018: '>=': signed/unsigned mismatch
C:\Users\srmeier\Desktop\KnightOnline\N3Base\include\N3Chr.h(320): warning C4018: '>=': signed/unsigned mismatch
src\N3Chr.cpp(604): warning C4996: 'sprintf': This function or variable may be unsafe. Consider using sprintf_s instead. To disable deprecation, use _CRT_SECURE_NO_WARNINGS. See online help for details.
  C:\Program Files (x86)\Windows Kits\10\Include\10.0.10240.0\ucrt\stdio.h(1769): note: see declaration of 'sprintf'
src\N3Chr.cpp(1063): warning C4018: '<': signed/unsigned mismatch
src\N3Chr.cpp(1093): warning C4018: '<': signed/unsigned mismatch
src\N3Chr.cpp(1665): warning C4018: '<': signed/unsigned mismatch
src\N3Chr.cpp(1998): warning C4018: '>=': signed/unsigned mismatch
src\N3Chr.cpp(2008): warning C4018: '>=': signed/unsigned mismatch
src\N3Chr.cpp(2019): warning C4018: '>=': signed/unsigned mismatch
src\N3Chr.cpp(2030): warning C4018: '>=': signed/unsigned mismatch
  N3Cloak.cpp
  _WIN32_WINNT not defined. Defaulting to _WIN32_WINNT_MAXVER (see WinSDKVer.h)
  C:\Program Files (x86)\Windows Kits\8.1\Include\um\DInput.h: DIRECTINPUT_VERSION undefined. Defaulting to version 0x0800
c:\users\srmeier\desktop\knightonline\n3base\include\N3AnimControl.h(166): warning C4018: '>=': signed/unsigned mismatch
c:\users\srmeier\desktop\knightonline\n3base\include\N3Joint.h(53): warning C4018: '>': signed/unsigned mismatch
C:\Users\srmeier\Desktop\KnightOnline\N3Base\include\N3Chr.h(300): warning C4018: '>': signed/unsigned mismatch
C:\Users\srmeier\Desktop\KnightOnline\N3Base\include\N3Chr.h(313): warning C4018: '>=': signed/unsigned mismatch
C:\Users\srmeier\Desktop\KnightOnline\N3Base\include\N3Chr.h(320): warning C4018: '>=': signed/unsigned mismatch
  N3Cloud.cpp
  _WIN32_WINNT not defined. Defaulting to _WIN32_WINNT_MAXVER (see WinSDKVer.h)
src\N3Cloud.cpp(84): warning C4244: 'initializing': conversion from 'double' to 'float', possible loss of data
src\N3Cloud.cpp(85): warning C4244: 'initializing': conversion from 'double' to 'float', possible loss of data
src\N3Cloud.cpp(86): warning C4244: 'initializing': conversion from 'double' to 'float', possible loss of data
src\N3Cloud.cpp(87): warning C4244: 'initializing': conversion from 'double' to 'float', possible loss of data
  N3ColorChange.cpp
  _WIN32_WINNT not defined. Defaulting to _WIN32_WINNT_MAXVER (see WinSDKVer.h)
  N3Eng.cpp
  _WIN32_WINNT not defined. Defaulting to _WIN32_WINNT_MAXVER (see WinSDKVer.h)
src\N3Eng.cpp(51): warning C4996: '_splitpath': This function or variable may be unsafe. Consider using _splitpath_s instead. To disable deprecation, use _CRT_SECURE_NO_WARNINGS. See online help for details.
  C:\Program Files (x86)\Windows Kits\10\Include\10.0.10240.0\ucrt\stdlib.h(1096): note: see declaration of '_splitpath'
src\N3Eng.cpp(52): warning C4996: 'sprintf': This function or variable may be unsafe. Consider using sprintf_s instead. To disable deprecation, use _CRT_SECURE_NO_WARNINGS. See online help for details.
  C:\Program Files (x86)\Windows Kits\10\Include\10.0.10240.0\ucrt\stdio.h(1769): note: see declaration of 'sprintf'
src\N3Eng.cpp(256): warning C4838: conversion from 'DWORD' to 'LONG' requires a narrowing conversion
src\N3Eng.cpp(534): warning C4838: conversion from 'DWORD' to 'LONG' requires a narrowing conversion
  N3FXBundle.cpp
  _WIN32_WINNT not defined. Defaulting to _WIN32_WINNT_MAXVER (see WinSDKVer.h)
  N3FXBundleGame.cpp
  _WIN32_WINNT not defined. Defaulting to _WIN32_WINNT_MAXVER (see WinSDKVer.h)
  C:\Program Files (x86)\Windows Kits\8.1\Include\um\DInput.h: DIRECTINPUT_VERSION undefined. Defaulting to version 0x0800
c:\users\srmeier\desktop\knightonline\n3base\include\N3AnimControl.h(166): warning C4018: '>=': signed/unsigned mismatch
c:\users\srmeier\desktop\knightonline\n3base\include\N3Joint.h(53): warning C4018: '>': signed/unsigned mismatch
C:\Users\srmeier\Desktop\KnightOnline\N3Base\include\N3Chr.h(300): warning C4018: '>': signed/unsigned mismatch
C:\Users\srmeier\Desktop\KnightOnline\N3Base\include\N3Chr.h(313): warning C4018: '>=': signed/unsigned mismatch
C:\Users\srmeier\Desktop\KnightOnline\N3Base\include\N3Chr.h(320): warning C4018: '>=': signed/unsigned mismatch
C:\Users\srmeier\Desktop\KnightOnline\WarFare\include\N3Terrain.h(118): warning C4244: 'return': conversion from 'int' to 'float', possible loss of data
c:\users\srmeier\desktop\knightonline\n3base\include\N3Shape.h(54): warning C4018: '>=': signed/unsigned mismatch
c:\users\srmeier\desktop\knightonline\n3base\include\N3Shape.h(60): warning C4018: '>=': signed/unsigned mismatch
c:\users\srmeier\desktop\knightonline\n3base\include\N3Shape.h(67): warning C4018: '>=': signed/unsigned mismatch
c:\users\srmeier\desktop\knightonline\n3base\include\N3Shape.h(136): warning C4018: '>=': signed/unsigned mismatch
C:\Users\srmeier\Desktop\KnightOnline\WarFare\include\GameEng.h(113): warning C4018: '>=': signed/unsigned mismatch
  N3FXMgr.cpp
  _WIN32_WINNT not defined. Defaulting to _WIN32_WINNT_MAXVER (see WinSDKVer.h)
  C:\Program Files (x86)\Windows Kits\8.1\Include\um\DInput.h: DIRECTINPUT_VERSION undefined. Defaulting to version 0x0800
C:\Users\srmeier\Desktop\KnightOnline\N3Base\include\N3UIBase.h(143): warning C4018: '>=': signed/unsigned mismatch
c:\users\srmeier\desktop\knightonline\n3base\include\N3AnimControl.h(166): warning C4018: '>=': signed/unsigned mismatch
c:\users\srmeier\desktop\knightonline\n3base\include\N3Joint.h(53): warning C4018: '>': signed/unsigned mismatch
C:\Users\srmeier\Desktop\KnightOnline\N3Base\include\N3Chr.h(300): warning C4018: '>': signed/unsigned mismatch
C:\Users\srmeier\Desktop\KnightOnline\N3Base\include\N3Chr.h(313): warning C4018: '>=': signed/unsigned mismatch
C:\Users\srmeier\Desktop\KnightOnline\N3Base\include\N3Chr.h(320): warning C4018: '>=': signed/unsigned mismatch
c:\users\srmeier\desktop\knightonline\n3base\include\N3Shape.h(54): warning C4018: '>=': signed/unsigned mismatch
c:\users\srmeier\desktop\knightonline\n3base\include\N3Shape.h(60): warning C4018: '>=': signed/unsigned mismatch
c:\users\srmeier\desktop\knightonline\n3base\include\N3Shape.h(67): warning C4018: '>=': signed/unsigned mismatch
c:\users\srmeier\desktop\knightonline\n3base\include\N3Shape.h(136): warning C4018: '>=': signed/unsigned mismatch
src\N3FXMgr.cpp(59): warning C4996: 'sprintf': This function or variable may be unsafe. Consider using sprintf_s instead. To disable deprecation, use _CRT_SECURE_NO_WARNINGS. See online help for details.
  C:\Program Files (x86)\Windows Kits\10\Include\10.0.10240.0\ucrt\stdio.h(1769): note: see declaration of 'sprintf'
src\N3FXMgr.cpp(60): warning C4996: '_strlwr': This function or variable may be unsafe. Consider using _strlwr_s instead. To disable deprecation, use _CRT_SECURE_NO_WARNINGS. See online help for details.
  C:\Program Files (x86)\Windows Kits\10\Include\10.0.10240.0\ucrt\string.h(233): note: see declaration of '_strlwr'
src\N3FXMgr.cpp(118): warning C4996: 'sprintf': This function or variable may be unsafe. Consider using sprintf_s instead. To disable deprecation, use _CRT_SECURE_NO_WARNINGS. See online help for details.
  C:\Program Files (x86)\Windows Kits\10\Include\10.0.10240.0\ucrt\stdio.h(1769): note: see declaration of 'sprintf'
src\N3FXMgr.cpp(119): warning C4996: '_strlwr': This function or variable may be unsafe. Consider using _strlwr_s instead. To disable deprecation, use _CRT_SECURE_NO_WARNINGS. See online help for details.
  C:\Program Files (x86)\Windows Kits\10\Include\10.0.10240.0\ucrt\string.h(233): note: see declaration of '_strlwr'
  N3FXPartBase.cpp
  _WIN32_WINNT not defined. Defaulting to _WIN32_WINNT_MAXVER (see WinSDKVer.h)
src\N3FXPartBase.cpp(496): warning C4996: 'sprintf': This function or variable may be unsafe. Consider using sprintf_s instead. To disable deprecation, use _CRT_SECURE_NO_WARNINGS. See online help for details.
  C:\Program Files (x86)\Windows Kits\10\Include\10.0.10240.0\ucrt\stdio.h(1769): note: see declaration of 'sprintf'
src\N3FXPartBase.cpp(588): warning C4996: 'sprintf': This function or variable may be unsafe. Consider using sprintf_s instead. To disable deprecation, use _CRT_SECURE_NO_WARNINGS. See online help for details.
  C:\Program Files (x86)\Windows Kits\10\Include\10.0.10240.0\ucrt\stdio.h(1769): note: see declaration of 'sprintf'
src\N3FXPartBase.cpp(608): warning C4996: 'sprintf': This function or variable may be unsafe. Consider using sprintf_s instead. To disable deprecation, use _CRT_SECURE_NO_WARNINGS. See online help for details.
  C:\Program Files (x86)\Windows Kits\10\Include\10.0.10240.0\ucrt\stdio.h(1769): note: see declaration of 'sprintf'
  N3FXPartBillBoard.cpp
  _WIN32_WINNT not defined. Defaulting to _WIN32_WINNT_MAXVER (see WinSDKVer.h)
src\N3FXPartBillBoard.cpp(649): warning C4244: '=': conversion from 'float' to 'int', possible loss of data
src\N3FXPartBillBoard.cpp(651): warning C4244: '=': conversion from 'float' to 'int', possible loss of data
src\N3FXPartBillBoard.cpp(653): warning C4244: '=': conversion from 'float' to 'int', possible loss of data
src\N3FXPartBillBoard.cpp(658): warning C4244: 'initializing': conversion from 'double' to 'float', possible loss of data
  N3FXPartBillBoardGame.cpp
  _WIN32_WINNT not defined. Defaulting to _WIN32_WINNT_MAXVER (see WinSDKVer.h)
  C:\Program Files (x86)\Windows Kits\8.1\Include\um\DInput.h: DIRECTINPUT_VERSION undefined. Defaulting to version 0x0800
  Compiling...
  N3FXPartBottomBoard.cpp
  _WIN32_WINNT not defined. Defaulting to _WIN32_WINNT_MAXVER (see WinSDKVer.h)
  N3FXPartBottomBoardGame.cpp
  _WIN32_WINNT not defined. Defaulting to _WIN32_WINNT_MAXVER (see WinSDKVer.h)
  C:\Program Files (x86)\Windows Kits\8.1\Include\um\DInput.h: DIRECTINPUT_VERSION undefined. Defaulting to version 0x0800
  N3FXParticle.cpp
  _WIN32_WINNT not defined. Defaulting to _WIN32_WINNT_MAXVER (see WinSDKVer.h)
  N3FXPartMesh.cpp
  _WIN32_WINNT not defined. Defaulting to _WIN32_WINNT_MAXVER (see WinSDKVer.h)
C:\Users\srmeier\Desktop\KnightOnline\N3Base\include\N3FXShape.h(98): warning C4018: '>=': signed/unsigned mismatch
src\N3FXPartMesh.cpp(253): warning C4996: 'sprintf': This function or variable may be unsafe. Consider using sprintf_s instead. To disable deprecation, use _CRT_SECURE_NO_WARNINGS. See online help for details.
  C:\Program Files (x86)\Windows Kits\10\Include\10.0.10240.0\ucrt\stdio.h(1769): note: see declaration of 'sprintf'
src\N3FXPartMesh.cpp(490): warning C4244: '=': conversion from 'float' to 'int', possible loss of data
src\N3FXPartMesh.cpp(492): warning C4244: '=': conversion from 'float' to 'int', possible loss of data
src\N3FXPartMesh.cpp(494): warning C4244: '=': conversion from 'float' to 'int', possible loss of data
src\N3FXPartMesh.cpp(498): warning C4244: '=': conversion from 'double' to 'float', possible loss of data
src\N3FXPartMesh.cpp(520): warning C4244: '=': conversion from 'float' to 'int', possible loss of data
src\N3FXPartMesh.cpp(522): warning C4244: '=': conversion from 'float' to 'int', possible loss of data
src\N3FXPartMesh.cpp(524): warning C4244: '=': conversion from 'float' to 'int', possible loss of data
src\N3FXPartMesh.cpp(529): warning C4244: '=': conversion from 'double' to 'float', possible loss of data
  N3FXPartParticles.cpp
  _WIN32_WINNT not defined. Defaulting to _WIN32_WINNT_MAXVER (see WinSDKVer.h)
C:\Users\srmeier\Desktop\KnightOnline\N3Base\include\N3FXShape.h(98): warning C4018: '>=': signed/unsigned mismatch
src\N3FXPartParticles.cpp(98): warning C4018: '<': signed/unsigned mismatch
src\N3FXPartParticles.cpp(106): warning C4018: '<': signed/unsigned mismatch
src\N3FXPartParticles.cpp(334): warning C4018: '<': signed/unsigned mismatch
src\N3FXPartParticles.cpp(343): warning C4018: '<': signed/unsigned mismatch
src\N3FXPartParticles.cpp(509): warning C4996: 'sprintf': This function or variable may be unsafe. Consider using sprintf_s instead. To disable deprecation, use _CRT_SECURE_NO_WARNINGS. See online help for details.
  C:\Program Files (x86)\Windows Kits\10\Include\10.0.10240.0\ucrt\stdio.h(1769): note: see declaration of 'sprintf'
src\N3FXPartParticles.cpp(552): warning C4244: '=': conversion from 'float' to 'int', possible loss of data
src\N3FXPartParticles.cpp(555): warning C4244: '=': conversion from 'float' to 'int', possible loss of data
src\N3FXPartParticles.cpp(570): warning C4244: 'initializing': conversion from 'float' to 'int', possible loss of data
src\N3FXPartParticles.cpp(894): warning C4018: '<': signed/unsigned mismatch
src\N3FXPartParticles.cpp(901): warning C4018: '<': signed/unsigned mismatch
src\N3FXPartParticles.cpp(1430): warning C4244: '=': conversion from 'double' to 'float', possible loss of data
  N3FXPlug.cpp
  _WIN32_WINNT not defined. Defaulting to _WIN32_WINNT_MAXVER (see WinSDKVer.h)
c:\users\srmeier\desktop\knightonline\n3base\include\N3AnimControl.h(166): warning C4018: '>=': signed/unsigned mismatch
c:\users\srmeier\desktop\knightonline\n3base\include\N3Joint.h(53): warning C4018: '>': signed/unsigned mismatch
C:\Users\srmeier\Desktop\KnightOnline\N3Base\include\N3Chr.h(300): warning C4018: '>': signed/unsigned mismatch
C:\Users\srmeier\Desktop\KnightOnline\N3Base\include\N3Chr.h(313): warning C4018: '>=': signed/unsigned mismatch
C:\Users\srmeier\Desktop\KnightOnline\N3Base\include\N3Chr.h(320): warning C4018: '>=': signed/unsigned mismatch
  N3FXPMesh.cpp
  _WIN32_WINNT not defined. Defaulting to _WIN32_WINNT_MAXVER (see WinSDKVer.h)
  N3FXPMeshInstance.cpp
  _WIN32_WINNT not defined. Defaulting to _WIN32_WINNT_MAXVER (see WinSDKVer.h)
  N3FXShape.cpp
  _WIN32_WINNT not defined. Defaulting to _WIN32_WINNT_MAXVER (see WinSDKVer.h)
C:\Users\srmeier\Desktop\KnightOnline\N3Base\include\N3FXShape.h(98): warning C4018: '>=': signed/unsigned mismatch
src\N3FXShape.cpp(79): warning C4018: '>=': signed/unsigned mismatch
src\N3FXShape.cpp(85): warning C4018: '>=': signed/unsigned mismatch
src\N3FXShape.cpp(93): warning C4018: '>=': signed/unsigned mismatch
src\N3FXShape.cpp(231): warning C4996: '_splitpath': This function or variable may be unsafe. Consider using _splitpath_s instead. To disable deprecation, use _CRT_SECURE_NO_WARNINGS. See online help for details.
  C:\Program Files (x86)\Windows Kits\10\Include\10.0.10240.0\ucrt\stdlib.h(1096): note: see declaration of '_splitpath'
src\N3FXShape.cpp(232): warning C4996: '_splitpath': This function or variable may be unsafe. Consider using _splitpath_s instead. To disable deprecation, use _CRT_SECURE_NO_WARNINGS. See online help for details.
  C:\Program Files (x86)\Windows Kits\10\Include\10.0.10240.0\ucrt\stdlib.h(1096): note: see declaration of '_splitpath'
src\N3FXShape.cpp(233): warning C4996: '_makepath': This function or variable may be unsafe. Consider using _makepath_s instead. To disable deprecation, use _CRT_SECURE_NO_WARNINGS. See online help for details.
  C:\Program Files (x86)\Windows Kits\10\Include\10.0.10240.0\ucrt\stdlib.h(1093): note: see declaration of '_makepath'
src\N3FXShape.cpp(251): warning C4996: '_splitpath': This function or variable may be unsafe. Consider using _splitpath_s instead. To disable deprecation, use _CRT_SECURE_NO_WARNINGS. See online help for details.
  C:\Program Files (x86)\Windows Kits\10\Include\10.0.10240.0\ucrt\stdlib.h(1096): note: see declaration of '_splitpath'
src\N3FXShape.cpp(252): warning C4996: '_makepath': This function or variable may be unsafe. Consider using _makepath_s instead. To disable deprecation, use _CRT_SECURE_NO_WARNINGS. See online help for details.
  C:\Program Files (x86)\Windows Kits\10\Include\10.0.10240.0\ucrt\stdlib.h(1093): note: see declaration of '_makepath'
src\N3FXShape.cpp(425): warning C4018: '>=': signed/unsigned mismatch
  N3GERain.cpp
  _WIN32_WINNT not defined. Defaulting to _WIN32_WINNT_MAXVER (see WinSDKVer.h)
src\N3GERain.cpp(48): warning C4244: '=': conversion from 'float' to 'int', possible loss of data
src\N3GERain.cpp(57): warning C4244: '=': conversion from 'float' to 'int', possible loss of data
src\N3GERain.cpp(128): warning C4244: '=': conversion from 'float' to 'int', possible loss of data
src\N3GERain.cpp(137): warning C4244: '=': conversion from 'float' to 'int', possible loss of data
  N3GESnow.cpp
  _WIN32_WINNT not defined. Defaulting to _WIN32_WINNT_MAXVER (see WinSDKVer.h)
src\N3GESnow.cpp(50): warning C4244: '=': conversion from 'float' to 'int', possible loss of data
src\N3GESnow.cpp(59): warning C4244: '=': conversion from 'float' to 'int', possible loss of data
src\N3GESnow.cpp(149): warning C4244: '=': conversion from 'float' to 'int', possible loss of data
src\N3GESnow.cpp(158): warning C4244: '=': conversion from 'float' to 'int', possible loss of data
  N3GlobalEffect.cpp
  _WIN32_WINNT not defined. Defaulting to _WIN32_WINNT_MAXVER (see WinSDKVer.h)
  N3IMesh.cpp
  _WIN32_WINNT not defined. Defaulting to _WIN32_WINNT_MAXVER (see WinSDKVer.h)
  N3Joint.cpp
  _WIN32_WINNT not defined. Defaulting to _WIN32_WINNT_MAXVER (see WinSDKVer.h)
C:\Users\srmeier\Desktop\KnightOnline\N3Base\include\N3Joint.h(53): warning C4018: '>': signed/unsigned mismatch
  N3Light.cpp
  _WIN32_WINNT not defined. Defaulting to _WIN32_WINNT_MAXVER (see WinSDKVer.h)
  N3Mesh.cpp
  _WIN32_WINNT not defined. Defaulting to _WIN32_WINNT_MAXVER (see WinSDKVer.h)
  N3Moon.cpp
  _WIN32_WINNT not defined. Defaulting to _WIN32_WINNT_MAXVER (see WinSDKVer.h)
src\N3Moon.cpp(79): warning C4244: '=': conversion from 'int' to 'float', possible loss of data
src\N3Moon.cpp(80): warning C4244: '=': conversion from 'int' to 'float', possible loss of data
src\N3Moon.cpp(83): warning C4244: 'initializing': conversion from 'float' to 'int', possible loss of data
src\N3Moon.cpp(84): warning C4244: 'argument': conversion from 'float' to 'int', possible loss of data
src\N3Moon.cpp(89): warning C4244: '=': conversion from 'LONG' to 'float', possible loss of data
src\N3Moon.cpp(90): warning C4244: '=': conversion from 'LONG' to 'float', possible loss of data
src\N3Moon.cpp(91): warning C4244: '=': conversion from 'LONG' to 'float', possible loss of data
src\N3Moon.cpp(92): warning C4244: '=': conversion from 'LONG' to 'float', possible loss of data
  N3PMesh.cpp
  _WIN32_WINNT not defined. Defaulting to _WIN32_WINNT_MAXVER (see WinSDKVer.h)
  N3PMeshCreate.cpp
  _WIN32_WINNT not defined. Defaulting to _WIN32_WINNT_MAXVER (see WinSDKVer.h)
  N3PMeshInstance.cpp
  _WIN32_WINNT not defined. Defaulting to _WIN32_WINNT_MAXVER (see WinSDKVer.h)
  Compiling...
  N3Pond.cpp
  _WIN32_WINNT not defined. Defaulting to _WIN32_WINNT_MAXVER (see WinSDKVer.h)
src\N3Pond.cpp(105): warning C4996: 'sprintf': This function or variable may be unsafe. Consider using sprintf_s instead. To disable deprecation, use _CRT_SECURE_NO_WARNINGS. See online help for details.
  C:\Program Files (x86)\Windows Kits\10\Include\10.0.10240.0\ucrt\stdio.h(1769): note: see declaration of 'sprintf'
src\N3Pond.cpp(219): warning C4996: 'sprintf': This function or variable may be unsafe. Consider using sprintf_s instead. To disable deprecation, use _CRT_SECURE_NO_WARNINGS. See online help for details.
  C:\Program Files (x86)\Windows Kits\10\Include\10.0.10240.0\ucrt\stdio.h(1769): note: see declaration of 'sprintf'
  N3River.cpp
  _WIN32_WINNT not defined. Defaulting to _WIN32_WINNT_MAXVER (see WinSDKVer.h)
src\N3River.cpp(64): warning C4996: 'sprintf': This function or variable may be unsafe. Consider using sprintf_s instead. To disable deprecation, use _CRT_SECURE_NO_WARNINGS. See online help for details.
  C:\Program Files (x86)\Windows Kits\10\Include\10.0.10240.0\ucrt\stdio.h(1769): note: see declaration of 'sprintf'
src\N3River.cpp(131): warning C4996: 'sprintf': This function or variable may be unsafe. Consider using sprintf_s instead. To disable deprecation, use _CRT_SECURE_NO_WARNINGS. See online help for details.
  C:\Program Files (x86)\Windows Kits\10\Include\10.0.10240.0\ucrt\stdio.h(1769): note: see declaration of 'sprintf'
  N3River2.cpp
  _WIN32_WINNT not defined. Defaulting to _WIN32_WINNT_MAXVER (see WinSDKVer.h)
src\N3River2.cpp(301): warning C4996: 'sprintf': This function or variable may be unsafe. Consider using sprintf_s instead. To disable deprecation, use _CRT_SECURE_NO_WARNINGS. See online help for details.
  C:\Program Files (x86)\Windows Kits\10\Include\10.0.10240.0\ucrt\stdio.h(1769): note: see declaration of 'sprintf'
  N3Scene.cpp
  _WIN32_WINNT not defined. Defaulting to _WIN32_WINNT_MAXVER (see WinSDKVer.h)
c:\users\srmeier\desktop\knightonline\n3base\include\N3Shape.h(54): warning C4018: '>=': signed/unsigned mismatch
c:\users\srmeier\desktop\knightonline\n3base\include\N3Shape.h(60): warning C4018: '>=': signed/unsigned mismatch
c:\users\srmeier\desktop\knightonline\n3base\include\N3Shape.h(67): warning C4018: '>=': signed/unsigned mismatch
c:\users\srmeier\desktop\knightonline\n3base\include\N3Shape.h(136): warning C4018: '>=': signed/unsigned mismatch
c:\users\srmeier\desktop\knightonline\n3base\include\N3AnimControl.h(166): warning C4018: '>=': signed/unsigned mismatch
c:\users\srmeier\desktop\knightonline\n3base\include\N3Joint.h(53): warning C4018: '>': signed/unsigned mismatch
c:\users\srmeier\desktop\knightonline\n3base\include\N3Chr.h(300): warning C4018: '>': signed/unsigned mismatch
c:\users\srmeier\desktop\knightonline\n3base\include\N3Chr.h(313): warning C4018: '>=': signed/unsigned mismatch
c:\users\srmeier\desktop\knightonline\n3base\include\N3Chr.h(320): warning C4018: '>=': signed/unsigned mismatch
C:\Users\srmeier\Desktop\KnightOnline\N3Base\include\N3Scene.h(84): warning C4018: '>=': signed/unsigned mismatch
C:\Users\srmeier\Desktop\KnightOnline\N3Base\include\N3Scene.h(107): warning C4018: '>=': signed/unsigned mismatch
src\N3Scene.cpp(423): warning C4018: '>=': signed/unsigned mismatch
src\N3Scene.cpp(467): warning C4018: '>=': signed/unsigned mismatch
src\N3Scene.cpp(595): warning C4996: '_splitpath': This function or variable may be unsafe. Consider using _splitpath_s instead. To disable deprecation, use _CRT_SECURE_NO_WARNINGS. See online help for details.
  C:\Program Files (x86)\Windows Kits\10\Include\10.0.10240.0\ucrt\stdlib.h(1096): note: see declaration of '_splitpath'
src\N3Scene.cpp(596): warning C4996: '_makepath': This function or variable may be unsafe. Consider using _makepath_s instead. To disable deprecation, use _CRT_SECURE_NO_WARNINGS. See online help for details.
  C:\Program Files (x86)\Windows Kits\10\Include\10.0.10240.0\ucrt\stdlib.h(1093): note: see declaration of '_makepath'
src\N3Scene.cpp(608): warning C4996: '_splitpath': This function or variable may be unsafe. Consider using _splitpath_s instead. To disable deprecation, use _CRT_SECURE_NO_WARNINGS. See online help for details.
  C:\Program Files (x86)\Windows Kits\10\Include\10.0.10240.0\ucrt\stdlib.h(1096): note: see declaration of '_splitpath'
src\N3Scene.cpp(609): warning C4996: '_makepath': This function or variable may be unsafe. Consider using _makepath_s instead. To disable deprecation, use _CRT_SECURE_NO_WARNINGS. See online help for details.
  C:\Program Files (x86)\Windows Kits\10\Include\10.0.10240.0\ucrt\stdlib.h(1093): note: see declaration of '_makepath'
  N3Shape.cpp
  _WIN32_WINNT not defined. Defaulting to _WIN32_WINNT_MAXVER (see WinSDKVer.h)
C:\Users\srmeier\Desktop\KnightOnline\N3Base\include\N3Shape.h(54): warning C4018: '>=': signed/unsigned mismatch
C:\Users\srmeier\Desktop\KnightOnline\N3Base\include\N3Shape.h(60): warning C4018: '>=': signed/unsigned mismatch
C:\Users\srmeier\Desktop\KnightOnline\N3Base\include\N3Shape.h(67): warning C4018: '>=': signed/unsigned mismatch
C:\Users\srmeier\Desktop\KnightOnline\N3Base\include\N3Shape.h(136): warning C4018: '>=': signed/unsigned mismatch
src\N3Shape.cpp(774): warning C4018: '>=': signed/unsigned mismatch
src\N3Shape.cpp(993): warning C4996: 'sprintf': This function or variable may be unsafe. Consider using sprintf_s instead. To disable deprecation, use _CRT_SECURE_NO_WARNINGS. See online help for details.
  C:\Program Files (x86)\Windows Kits\10\Include\10.0.10240.0\ucrt\stdio.h(1769): note: see declaration of 'sprintf'
src\N3Shape.cpp(1070): warning C4996: 'sprintf': This function or variable may be unsafe. Consider using sprintf_s instead. To disable deprecation, use _CRT_SECURE_NO_WARNINGS. See online help for details.
  C:\Program Files (x86)\Windows Kits\10\Include\10.0.10240.0\ucrt\stdio.h(1769): note: see declaration of 'sprintf'
src\N3Shape.cpp(1280): warning C4018: '>=': signed/unsigned mismatch
src\N3Shape.cpp(1289): warning C4018: '>=': signed/unsigned mismatch
  N3ShapeExtra.cpp
  _WIN32_WINNT not defined. Defaulting to _WIN32_WINNT_MAXVER (see WinSDKVer.h)
c:\users\srmeier\desktop\knightonline\n3base\include\N3Shape.h(54): warning C4018: '>=': signed/unsigned mismatch
c:\users\srmeier\desktop\knightonline\n3base\include\N3Shape.h(60): warning C4018: '>=': signed/unsigned mismatch
c:\users\srmeier\desktop\knightonline\n3base\include\N3Shape.h(67): warning C4018: '>=': signed/unsigned mismatch
c:\users\srmeier\desktop\knightonline\n3base\include\N3Shape.h(136): warning C4018: '>=': signed/unsigned mismatch
src\N3ShapeExtra.cpp(93): warning C4018: '>=': signed/unsigned mismatch
  N3ShapeMgr.cpp
  _WIN32_WINNT not defined. Defaulting to _WIN32_WINNT_MAXVER (see WinSDKVer.h)
  C:\Program Files (x86)\Windows Kits\8.1\Include\um\DInput.h: DIRECTINPUT_VERSION undefined. Defaulting to version 0x0800
C:\Users\srmeier\Desktop\KnightOnline\N3Base\include\N3UIBase.h(143): warning C4018: '>=': signed/unsigned mismatch
c:\users\srmeier\desktop\knightonline\n3base\include\N3Shape.h(54): warning C4018: '>=': signed/unsigned mismatch
c:\users\srmeier\desktop\knightonline\n3base\include\N3Shape.h(60): warning C4018: '>=': signed/unsigned mismatch
c:\users\srmeier\desktop\knightonline\n3base\include\N3Shape.h(67): warning C4018: '>=': signed/unsigned mismatch
c:\users\srmeier\desktop\knightonline\n3base\include\N3Shape.h(136): warning C4018: '>=': signed/unsigned mismatch
src\N3ShapeMgr.cpp(168): warning C4996: 'sprintf': This function or variable may be unsafe. Consider using sprintf_s instead. To disable deprecation, use _CRT_SECURE_NO_WARNINGS. See online help for details.
  C:\Program Files (x86)\Windows Kits\10\Include\10.0.10240.0\ucrt\stdio.h(1769): note: see declaration of 'sprintf'
  N3Skin.cpp
  _WIN32_WINNT not defined. Defaulting to _WIN32_WINNT_MAXVER (see WinSDKVer.h)
  N3Sky.cpp
  _WIN32_WINNT not defined. Defaulting to _WIN32_WINNT_MAXVER (see WinSDKVer.h)
  N3SkyMng.cpp
  _WIN32_WINNT not defined. Defaulting to _WIN32_WINNT_MAXVER (see WinSDKVer.h)
src\N3SkyMng.cpp(229): warning C4018: '<': signed/unsigned mismatch
src\N3SkyMng.cpp(259): warning C4018: '<': signed/unsigned mismatch
src\N3SkyMng.cpp(273): warning C4018: '>=': signed/unsigned mismatch
src\N3SkyMng.cpp(736): warning C4018: '>=': signed/unsigned mismatch
src\N3SkyMng.cpp(987): warning C4244: 'argument': conversion from 'float' to 'DWORD', possible loss of data
src\N3SkyMng.cpp(991): warning C4244: 'argument': conversion from 'float' to 'DWORD', possible loss of data
src\N3SkyMng.cpp(995): warning C4244: 'argument': conversion from 'float' to 'DWORD', possible loss of data
src\N3SkyMng.cpp(1153): warning C4018: '<': signed/unsigned mismatch
src\N3SkyMng.cpp(1155): warning C4018: '>=': signed/unsigned mismatch
  N3SndMgr.cpp
  _WIN32_WINNT not defined. Defaulting to _WIN32_WINNT_MAXVER (see WinSDKVer.h)
c:\users\srmeier\desktop\knightonline\n3base\include\N3TableBase.h(343): warning C4018: '<': signed/unsigned mismatch
  c:\users\srmeier\desktop\knightonline\n3base\include\N3TableBase.h(282): note: while compiling class template member function 'BOOL CN3TableBase<__TABLE_SOUND>::LoadFromFile(const std::string &)'
  src\N3SndMgr.cpp(38): note: see reference to function template instantiation 'BOOL CN3TableBase<__TABLE_SOUND>::LoadFromFile(const std::string &)' being compiled
  C:\Users\srmeier\Desktop\KnightOnline\N3Base\include\N3SndMgr.h(30): note: see reference to class template instantiation 'CN3TableBase<__TABLE_SOUND>' being compiled
  N3SndObj.cpp
  _WIN32_WINNT not defined. Defaulting to _WIN32_WINNT_MAXVER (see WinSDKVer.h)
src\N3SndObj.cpp(433): warning C4244: '=': conversion from 'float' to 'int', possible loss of data
src\N3SndObj.cpp(455): warning C4244: '=': conversion from 'float' to 'int', possible loss of data
  N3SndObjStream.cpp
  _WIN32_WINNT not defined. Defaulting to _WIN32_WINNT_MAXVER (see WinSDKVer.h)
src\N3SndObjStream.cpp(272): warning C4244: '=': conversion from 'float' to 'int', possible loss of data
src\N3SndObjStream.cpp(296): warning C4244: '=': conversion from 'float' to 'int', possible loss of data
  N3Star.cpp
  _WIN32_WINNT not defined. Defaulting to _WIN32_WINNT_MAXVER (see WinSDKVer.h)
  N3Sun.cpp
  _WIN32_WINNT not defined. Defaulting to _WIN32_WINNT_MAXVER (see WinSDKVer.h)
src\N3Sun.cpp(77): warning C4244: '=': conversion from 'int' to 'float', possible loss of data
src\N3Sun.cpp(78): warning C4244: '=': conversion from 'int' to 'float', possible loss of data
src\N3Sun.cpp(99): warning C4244: '=': conversion from 'float' to 'int', possible loss of data
src\N3Sun.cpp(100): warning C4244: 'argument': conversion from 'float' to 'int', possible loss of data
src\N3Sun.cpp(108): warning C4244: '=': conversion from 'LONG' to 'float', possible loss of data
src\N3Sun.cpp(109): warning C4244: '=': conversion from 'LONG' to 'float', possible loss of data
src\N3Sun.cpp(110): warning C4244: '=': conversion from 'LONG' to 'float', possible loss of data
src\N3Sun.cpp(111): warning C4244: '=': conversion from 'LONG' to 'float', possible loss of data
  N3Terrain.cpp
  _WIN32_WINNT not defined. Defaulting to _WIN32_WINNT_MAXVER (see WinSDKVer.h)
C:\Users\srmeier\Desktop\KnightOnline\WarFare\include\N3Terrain.h(118): warning C4244: 'return': conversion from 'int' to 'float', possible loss of data
  C:\Program Files (x86)\Windows Kits\8.1\Include\um\DInput.h: DIRECTINPUT_VERSION undefined. Defaulting to version 0x0800
c:\users\srmeier\desktop\knightonline\n3base\include\N3AnimControl.h(166): warning C4018: '>=': signed/unsigned mismatch
c:\users\srmeier\desktop\knightonline\n3base\include\N3Joint.h(53): warning C4018: '>': signed/unsigned mismatch
C:\Users\srmeier\Desktop\KnightOnline\N3Base\include\N3Chr.h(300): warning C4018: '>': signed/unsigned mismatch
C:\Users\srmeier\Desktop\KnightOnline\N3Base\include\N3Chr.h(313): warning C4018: '>=': signed/unsigned mismatch
C:\Users\srmeier\Desktop\KnightOnline\N3Base\include\N3Chr.h(320): warning C4018: '>=': signed/unsigned mismatch
C:\Users\srmeier\Desktop\KnightOnline\N3Base\include\N3UIBase.h(143): warning C4018: '>=': signed/unsigned mismatch
src\N3Terrain.cpp(464): warning C4996: 'sprintf': This function or variable may be unsafe. Consider using sprintf_s instead. To disable deprecation, use _CRT_SECURE_NO_WARNINGS. See online help for details.
  C:\Program Files (x86)\Windows Kits\10\Include\10.0.10240.0\ucrt\stdio.h(1769): note: see declaration of 'sprintf'
src\N3Terrain.cpp(518): warning C4996: 'sprintf': This function or variable may be unsafe. Consider using sprintf_s instead. To disable deprecation, use _CRT_SECURE_NO_WARNINGS. See online help for details.
  C:\Program Files (x86)\Windows Kits\10\Include\10.0.10240.0\ucrt\stdio.h(1769): note: see declaration of 'sprintf'
src\N3Terrain.cpp(655): warning C4996: 'strcpy': This function or variable may be unsafe. Consider using strcpy_s instead. To disable deprecation, use _CRT_SECURE_NO_WARNINGS. See online help for details.
  C:\Program Files (x86)\Windows Kits\10\Include\10.0.10240.0\ucrt\string.h(119): note: see declaration of 'strcpy'
src\N3Terrain.cpp(627): warning C4996: '_splitpath': This function or variable may be unsafe. Consider using _splitpath_s instead. To disable deprecation, use _CRT_SECURE_NO_WARNINGS. See online help for details.
  C:\Program Files (x86)\Windows Kits\10\Include\10.0.10240.0\ucrt\stdlib.h(1096): note: see declaration of '_splitpath'
src\N3Terrain.cpp(629): warning C4996: 'sprintf': This function or variable may be unsafe. Consider using sprintf_s instead. To disable deprecation, use _CRT_SECURE_NO_WARNINGS. See online help for details.
  C:\Program Files (x86)\Windows Kits\10\Include\10.0.10240.0\ucrt\stdio.h(1769): note: see declaration of 'sprintf'
src\N3Terrain.cpp(630): warning C4996: 'sprintf': This function or variable may be unsafe. Consider using sprintf_s instead. To disable deprecation, use _CRT_SECURE_NO_WARNINGS. See online help for details.
  C:\Program Files (x86)\Windows Kits\10\Include\10.0.10240.0\ucrt\stdio.h(1769): note: see declaration of 'sprintf'
src\N3Terrain.cpp(633): warning C4996: '_makepath': This function or variable may be unsafe. Consider using _makepath_s instead. To disable deprecation, use _CRT_SECURE_NO_WARNINGS. See online help for details.
  C:\Program Files (x86)\Windows Kits\10\Include\10.0.10240.0\ucrt\stdlib.h(1093): note: see declaration of '_makepath'
src\N3Terrain.cpp(653): warning C4996: '_makepath': This function or variable may be unsafe. Consider using _makepath_s instead. To disable deprecation, use _CRT_SECURE_NO_WARNINGS. See online help for details.
  C:\Program Files (x86)\Windows Kits\10\Include\10.0.10240.0\ucrt\stdlib.h(1093): note: see declaration of '_makepath'
src\N3Terrain.cpp(659): warning C4996: 'sprintf': This function or variable may be unsafe. Consider using sprintf_s instead. To disable deprecation, use _CRT_SECURE_NO_WARNINGS. See online help for details.
  C:\Program Files (x86)\Windows Kits\10\Include\10.0.10240.0\ucrt\stdio.h(1769): note: see declaration of 'sprintf'
src\N3Terrain.cpp(711): warning C4996: 'sprintf': This function or variable may be unsafe. Consider using sprintf_s instead. To disable deprecation, use _CRT_SECURE_NO_WARNINGS. See online help for details.
  C:\Program Files (x86)\Windows Kits\10\Include\10.0.10240.0\ucrt\stdio.h(1769): note: see declaration of 'sprintf'
src\N3Terrain.cpp(1527): warning C4244: 'argument': conversion from 'const int' to 'float', possible loss of data
src\N3Terrain.cpp(1530): warning C4244: 'argument': conversion from 'const int' to 'float', possible loss of data
src\N3Terrain.cpp(1552): warning C4244: 'argument': conversion from 'const int' to 'float', possible loss of data
src\N3Terrain.cpp(1566): warning C4244: 'argument': conversion from 'const int' to 'float', possible loss of data
src\N3Terrain.cpp(1621): warning C4244: 'argument': conversion from 'int' to 'float', possible loss of data
src\N3Terrain.cpp(1622): warning C4244: 'argument': conversion from 'int' to 'float', possible loss of data
src\N3Terrain.cpp(1623): warning C4244: 'argument': conversion from 'int' to 'float', possible loss of data
src\N3Terrain.cpp(1630): warning C4244: 'argument': conversion from 'int' to 'float', possible loss of data
src\N3Terrain.cpp(1631): warning C4244: 'argument': conversion from 'int' to 'float', possible loss of data
src\N3Terrain.cpp(1632): warning C4244: 'argument': conversion from 'int' to 'float', possible loss of data
src\N3Terrain.cpp(1763): warning C4244: 'argument': conversion from 'int' to 'float', possible loss of data
src\N3Terrain.cpp(1764): warning C4244: 'argument': conversion from 'int' to 'float', possible loss of data
src\N3Terrain.cpp(1765): warning C4244: 'argument': conversion from 'int' to 'float', possible loss of data
src\N3Terrain.cpp(1770): warning C4244: 'argument': conversion from 'int' to 'float', possible loss of data
src\N3Terrain.cpp(1771): warning C4244: 'argument': conversion from 'int' to 'float', possible loss of data
src\N3Terrain.cpp(1772): warning C4244: 'argument': conversion from 'int' to 'float', possible loss of data
src\N3Terrain.cpp(1779): warning C4244: 'argument': conversion from 'int' to 'float', possible loss of data
src\N3Terrain.cpp(1780): warning C4244: 'argument': conversion from 'int' to 'float', possible loss of data
src\N3Terrain.cpp(1781): warning C4244: 'argument': conversion from 'int' to 'float', possible loss of data
src\N3Terrain.cpp(1786): warning C4244: 'argument': conversion from 'int' to 'float', possible loss of data
src\N3Terrain.cpp(1787): warning C4244: 'argument': conversion from 'int' to 'float', possible loss of data
src\N3Terrain.cpp(1788): warning C4244: 'argument': conversion from 'int' to 'float', possible loss of data
src\N3Terrain.cpp(1794): warning C4244: 'argument': conversion from 'const int' to 'float', possible loss of data
src\N3Terrain.cpp(1868): warning C4244: 'argument': conversion from 'const int' to 'float', possible loss of data
src\N3Terrain.cpp(1877): warning C4244: 'argument': conversion from 'int' to 'float', possible loss of data
src\N3Terrain.cpp(1878): warning C4244: 'argument': conversion from 'int' to 'float', possible loss of data
src\N3Terrain.cpp(1879): warning C4244: 'argument': conversion from 'int' to 'float', possible loss of data
src\N3Terrain.cpp(1888): warning C4244: 'argument': conversion from 'int' to 'float', possible loss of data
src\N3Terrain.cpp(1889): warning C4244: 'argument': conversion from 'int' to 'float', possible loss of data
src\N3Terrain.cpp(1890): warning C4244: 'argument': conversion from 'int' to 'float', possible loss of data
src\N3Terrain.cpp(1901): warning C4244: 'argument': conversion from 'int' to 'float', possible loss of data
src\N3Terrain.cpp(1902): warning C4244: 'argument': conversion from 'int' to 'float', possible loss of data
src\N3Terrain.cpp(1903): warning C4244: 'argument': conversion from 'int' to 'float', possible loss of data
src\N3Terrain.cpp(1912): warning C4244: 'argument': conversion from 'int' to 'float', possible loss of data
src\N3Terrain.cpp(1913): warning C4244: 'argument': conversion from 'int' to 'float', possible loss of data
src\N3Terrain.cpp(1914): warning C4244: 'argument': conversion from 'int' to 'float', possible loss of data
src\N3Terrain.cpp(2054): warning C4244: 'argument': conversion from 'int' to 'float', possible loss of data
src\N3Terrain.cpp(2055): warning C4244: 'argument': conversion from 'int' to 'float', possible loss of data
src\N3Terrain.cpp(2056): warning C4244: 'argument': conversion from 'int' to 'float', possible loss of data
src\N3Terrain.cpp(2065): warning C4244: 'argument': conversion from 'int' to 'float', possible loss of data
src\N3Terrain.cpp(2066): warning C4244: 'argument': conversion from 'int' to 'float', possible loss of data
src\N3Terrain.cpp(2067): warning C4244: 'argument': conversion from 'int' to 'float', possible loss of data
src\N3Terrain.cpp(2078): warning C4244: 'argument': conversion from 'int' to 'float', possible loss of data
src\N3Terrain.cpp(2079): warning C4244: 'argument': conversion from 'int' to 'float', possible loss of data
src\N3Terrain.cpp(2080): warning C4244: 'argument': conversion from 'int' to 'float', possible loss of data
src\N3Terrain.cpp(2089): warning C4244: 'argument': conversion from 'int' to 'float', possible loss of data
src\N3Terrain.cpp(2090): warning C4244: 'argument': conversion from 'int' to 'float', possible loss of data
src\N3Terrain.cpp(2091): warning C4244: 'argument': conversion from 'int' to 'float', possible loss of data
src\N3Terrain.cpp(2137): warning C4996: 'sprintf': This function or variable may be unsafe. Consider using sprintf_s instead. To disable deprecation, use _CRT_SECURE_NO_WARNINGS. See online help for details.
  C:\Program Files (x86)\Windows Kits\10\Include\10.0.10240.0\ucrt\stdio.h(1769): note: see declaration of 'sprintf'
src\N3Terrain.cpp(2157): warning C4244: '=': conversion from 'float' to 'int', possible loss of data
src\N3Terrain.cpp(2158): warning C4244: '=': conversion from 'float' to 'int', possible loss of data
src\N3Terrain.cpp(2165): warning C4018: '>=': signed/unsigned mismatch
src\N3Terrain.cpp(2196): warning C4018: '>=': signed/unsigned mismatch
  N3TerrainManager.cpp
  _WIN32_WINNT not defined. Defaulting to _WIN32_WINNT_MAXVER (see WinSDKVer.h)
  C:\Program Files (x86)\Windows Kits\8.1\Include\um\DInput.h: DIRECTINPUT_VERSION undefined. Defaulting to version 0x0800
C:\Users\srmeier\Desktop\KnightOnline\WarFare\include\N3Terrain.h(118): warning C4244: 'return': conversion from 'int' to 'float', possible loss of data
c:\users\srmeier\desktop\knightonline\n3base\include\N3AnimControl.h(166): warning C4018: '>=': signed/unsigned mismatch
c:\users\srmeier\desktop\knightonline\n3base\include\N3Joint.h(53): warning C4018: '>': signed/unsigned mismatch
C:\Users\srmeier\Desktop\KnightOnline\N3Base\include\N3Chr.h(300): warning C4018: '>': signed/unsigned mismatch
C:\Users\srmeier\Desktop\KnightOnline\N3Base\include\N3Chr.h(313): warning C4018: '>=': signed/unsigned mismatch
C:\Users\srmeier\Desktop\KnightOnline\N3Base\include\N3Chr.h(320): warning C4018: '>=': signed/unsigned mismatch
src\N3TerrainManager.cpp(88): warning C4996: '_splitpath': This function or variable may be unsafe. Consider using _splitpath_s instead. To disable deprecation, use _CRT_SECURE_NO_WARNINGS. See online help for details.
  C:\Program Files (x86)\Windows Kits\10\Include\10.0.10240.0\ucrt\stdlib.h(1096): note: see declaration of '_splitpath'
src\N3TerrainManager.cpp(91): warning C4996: 'sprintf': This function or variable may be unsafe. Consider using sprintf_s instead. To disable deprecation, use _CRT_SECURE_NO_WARNINGS. See online help for details.
  C:\Program Files (x86)\Windows Kits\10\Include\10.0.10240.0\ucrt\stdio.h(1769): note: see declaration of 'sprintf'
src\N3TerrainManager.cpp(92): warning C4996: '_makepath': This function or variable may be unsafe. Consider using _makepath_s instead. To disable deprecation, use _CRT_SECURE_NO_WARNINGS. See online help for details.
  C:\Program Files (x86)\Windows Kits\10\Include\10.0.10240.0\ucrt\stdlib.h(1093): note: see declaration of '_makepath'
  N3TerrainPatch.cpp
  _WIN32_WINNT not defined. Defaulting to _WIN32_WINNT_MAXVER (see WinSDKVer.h)
C:\Users\srmeier\Desktop\KnightOnline\WarFare\include\N3Terrain.h(118): warning C4244: 'return': conversion from 'int' to 'float', possible loss of data
  N3Texture.cpp
  _WIN32_WINNT not defined. Defaulting to _WIN32_WINNT_MAXVER (see WinSDKVer.h)
src\N3Texture.cpp(418): warning C4018: '>': signed/unsigned mismatch
src\N3Texture.cpp(464): warning C4018: '>': signed/unsigned mismatch
  N3Transform.cpp
  _WIN32_WINNT not defined. Defaulting to _WIN32_WINNT_MAXVER (see WinSDKVer.h)
  Compiling...
  N3TransformCollision.cpp
  _WIN32_WINNT not defined. Defaulting to _WIN32_WINNT_MAXVER (see WinSDKVer.h)
  N3UIArea.cpp
  _WIN32_WINNT not defined. Defaulting to _WIN32_WINNT_MAXVER (see WinSDKVer.h)
  C:\Program Files (x86)\Windows Kits\8.1\Include\um\DInput.h: DIRECTINPUT_VERSION undefined. Defaulting to version 0x0800
c:\users\srmeier\desktop\knightonline\n3base\include\N3UIBase.h(143): warning C4018: '>=': signed/unsigned mismatch
  N3UIBase.cpp
  _WIN32_WINNT not defined. Defaulting to _WIN32_WINNT_MAXVER (see WinSDKVer.h)
  C:\Program Files (x86)\Windows Kits\8.1\Include\um\DInput.h: DIRECTINPUT_VERSION undefined. Defaulting to version 0x0800
C:\Users\srmeier\Desktop\KnightOnline\N3Base\include\N3UIBase.h(143): warning C4018: '>=': signed/unsigned mismatch
C:\Users\srmeier\Desktop\KnightOnline\N3Base\include\N3UIString.h(70): warning C4114: same type qualifier used more than once
C:\Users\srmeier\Desktop\KnightOnline\N3Base\include\N3UIList.h(51): warning C4018: '>=': signed/unsigned mismatch
src\N3UIBase.cpp(35): warning C4356: 'CN3UIBase::s_szStringTmp': static data member cannot be initialized via derived class
  N3UIButton.cpp
  _WIN32_WINNT not defined. Defaulting to _WIN32_WINNT_MAXVER (see WinSDKVer.h)
  C:\Program Files (x86)\Windows Kits\8.1\Include\um\DInput.h: DIRECTINPUT_VERSION undefined. Defaulting to version 0x0800
c:\users\srmeier\desktop\knightonline\n3base\include\N3UIBase.h(143): warning C4018: '>=': signed/unsigned mismatch
  N3UIDBCLButton.cpp
  _WIN32_WINNT not defined. Defaulting to _WIN32_WINNT_MAXVER (see WinSDKVer.h)
  C:\Program Files (x86)\Windows Kits\8.1\Include\um\DInput.h: DIRECTINPUT_VERSION undefined. Defaulting to version 0x0800
c:\users\srmeier\desktop\knightonline\n3base\include\N3UIBase.h(143): warning C4018: '>=': signed/unsigned mismatch
C:\Users\srmeier\Desktop\KnightOnline\N3Base\include\N3UIString.h(70): warning C4114: same type qualifier used more than once
  N3UIEdit.cpp
  _WIN32_WINNT not defined. Defaulting to _WIN32_WINNT_MAXVER (see WinSDKVer.h)
  C:\Program Files (x86)\Windows Kits\8.1\Include\um\DInput.h: DIRECTINPUT_VERSION undefined. Defaulting to version 0x0800
c:\users\srmeier\desktop\knightonline\n3base\include\N3UIBase.h(143): warning C4018: '>=': signed/unsigned mismatch
C:\Users\srmeier\Desktop\KnightOnline\N3Base\include\N3UIString.h(70): warning C4114: same type qualifier used more than once
src\N3UIEdit.cpp(47): warning C4244: '=': conversion from 'int' to 'float', possible loss of data
src\N3UIEdit.cpp(48): warning C4244: '=': conversion from 'int' to 'float', possible loss of data
src\N3UIEdit.cpp(539): warning C4018: '>': signed/unsigned mismatch
src\N3UIEdit.cpp(560): warning C4018: '>=': signed/unsigned mismatch
src\N3UIEdit.cpp(605): warning C4018: '>': signed/unsigned mismatch
src\N3UIEdit.cpp(656): warning C4018: '>': signed/unsigned mismatch
  N3UIIcon.cpp
  _WIN32_WINNT not defined. Defaulting to _WIN32_WINNT_MAXVER (see WinSDKVer.h)
  C:\Program Files (x86)\Windows Kits\8.1\Include\um\DInput.h: DIRECTINPUT_VERSION undefined. Defaulting to version 0x0800
c:\users\srmeier\desktop\knightonline\n3base\include\N3UIBase.h(143): warning C4018: '>=': signed/unsigned mismatch
C:\Users\srmeier\Desktop\KnightOnline\N3Base\include\N3UIString.h(70): warning C4114: same type qualifier used more than once
  N3UIImage.cpp
  _WIN32_WINNT not defined. Defaulting to _WIN32_WINNT_MAXVER (see WinSDKVer.h)
  C:\Program Files (x86)\Windows Kits\8.1\Include\um\DInput.h: DIRECTINPUT_VERSION undefined. Defaulting to version 0x0800
c:\users\srmeier\desktop\knightonline\n3base\include\N3UIBase.h(143): warning C4018: '>=': signed/unsigned mismatch
src\N3UIImage.cpp(32): warning C4244: '=': conversion from 'float' to 'int', possible loss of data
src\N3UIImage.cpp(53): warning C4244: '=': conversion from 'float' to 'int', possible loss of data
src\N3UIImage.cpp(128): warning C4244: '+=': conversion from 'float' to 'int', possible loss of data
src\N3UIImage.cpp(131): warning C4244: '-=': conversion from 'float' to 'int', possible loss of data
  N3UIList.cpp
  _WIN32_WINNT not defined. Defaulting to _WIN32_WINNT_MAXVER (see WinSDKVer.h)
  C:\Program Files (x86)\Windows Kits\8.1\Include\um\DInput.h: DIRECTINPUT_VERSION undefined. Defaulting to version 0x0800
c:\users\srmeier\desktop\knightonline\n3base\include\N3UIBase.h(143): warning C4018: '>=': signed/unsigned mismatch
C:\Users\srmeier\Desktop\KnightOnline\N3Base\include\N3UIList.h(51): warning C4018: '>=': signed/unsigned mismatch
C:\Users\srmeier\Desktop\KnightOnline\N3Base\include\N3UIString.h(70): warning C4114: same type qualifier used more than once
src\N3UIList.cpp(76): warning C4018: '>=': signed/unsigned mismatch
src\N3UIList.cpp(128): warning C4018: '>=': signed/unsigned mismatch
src\N3UIList.cpp(147): warning C4018: '>=': signed/unsigned mismatch
src\N3UIList.cpp(176): warning C4018: '>=': signed/unsigned mismatch
src\N3UIList.cpp(189): warning C4018: '>=': signed/unsigned mismatch
src\N3UIList.cpp(397): warning C4018: '<': signed/unsigned mismatch
src\N3UIList.cpp(407): warning C4244: 'argument': conversion from 'LONG' to 'float', possible loss of data
src\N3UIList.cpp(408): warning C4244: 'argument': conversion from 'LONG' to 'float', possible loss of data
src\N3UIList.cpp(409): warning C4244: 'argument': conversion from 'LONG' to 'float', possible loss of data
src\N3UIList.cpp(410): warning C4244: 'argument': conversion from 'LONG' to 'float', possible loss of data
  N3UIProgress.cpp
  _WIN32_WINNT not defined. Defaulting to _WIN32_WINNT_MAXVER (see WinSDKVer.h)
  C:\Program Files (x86)\Windows Kits\8.1\Include\um\DInput.h: DIRECTINPUT_VERSION undefined. Defaulting to version 0x0800
c:\users\srmeier\desktop\knightonline\n3base\include\N3UIBase.h(143): warning C4018: '>=': signed/unsigned mismatch
  N3UIScrollBar.cpp
  _WIN32_WINNT not defined. Defaulting to _WIN32_WINNT_MAXVER (see WinSDKVer.h)
  C:\Program Files (x86)\Windows Kits\8.1\Include\um\DInput.h: DIRECTINPUT_VERSION undefined. Defaulting to version 0x0800
c:\users\srmeier\desktop\knightonline\n3base\include\N3UIBase.h(143): warning C4018: '>=': signed/unsigned mismatch
  N3UIStatic.cpp
  _WIN32_WINNT not defined. Defaulting to _WIN32_WINNT_MAXVER (see WinSDKVer.h)
  C:\Program Files (x86)\Windows Kits\8.1\Include\um\DInput.h: DIRECTINPUT_VERSION undefined. Defaulting to version 0x0800
c:\users\srmeier\desktop\knightonline\n3base\include\N3UIBase.h(143): warning C4018: '>=': signed/unsigned mismatch
C:\Users\srmeier\Desktop\KnightOnline\N3Base\include\N3UIString.h(70): warning C4114: same type qualifier used more than once
  N3UIString.cpp
  _WIN32_WINNT not defined. Defaulting to _WIN32_WINNT_MAXVER (see WinSDKVer.h)
  C:\Program Files (x86)\Windows Kits\8.1\Include\um\DInput.h: DIRECTINPUT_VERSION undefined. Defaulting to version 0x0800
c:\users\srmeier\desktop\knightonline\n3base\include\N3UIBase.h(143): warning C4018: '>=': signed/unsigned mismatch
C:\Users\srmeier\Desktop\KnightOnline\N3Base\include\N3UIString.h(70): warning C4114: same type qualifier used more than once
src\N3UIString.cpp(60): warning C4244: 'argument': conversion from 'LONG' to 'FLOAT', possible loss of data
src\N3UIString.cpp(86): warning C4996: 'sprintf': This function or variable may be unsafe. Consider using sprintf_s instead. To disable deprecation, use _CRT_SECURE_NO_WARNINGS. See online help for details.
  C:\Program Files (x86)\Windows Kits\10\Include\10.0.10240.0\ucrt\stdio.h(1769): note: see declaration of 'sprintf'
  N3UITooltip.cpp
  _WIN32_WINNT not defined. Defaulting to _WIN32_WINNT_MAXVER (see WinSDKVer.h)
  C:\Program Files (x86)\Windows Kits\8.1\Include\um\DInput.h: DIRECTINPUT_VERSION undefined. Defaulting to version 0x0800
c:\users\srmeier\desktop\knightonline\n3base\include\N3UIBase.h(143): warning C4018: '>=': signed/unsigned mismatch
C:\Users\srmeier\Desktop\KnightOnline\N3Base\include\N3UIString.h(70): warning C4114: same type qualifier used more than once
src\N3UITooltip.cpp(53): warning C4244: 'argument': conversion from 'LONG' to 'float', possible loss of data
src\N3UITooltip.cpp(54): warning C4244: 'argument': conversion from 'LONG' to 'float', possible loss of data
src\N3UITooltip.cpp(55): warning C4244: 'argument': conversion from 'LONG' to 'float', possible loss of data
src\N3UITooltip.cpp(56): warning C4244: 'argument': conversion from 'LONG' to 'float', possible loss of data
src\N3UITooltip.cpp(57): warning C4244: 'argument': conversion from 'LONG' to 'float', possible loss of data
src\N3UITooltip.cpp(58): warning C4244: 'argument': conversion from 'LONG' to 'float', possible loss of data
src\N3UITooltip.cpp(59): warning C4244: 'argument': conversion from 'LONG' to 'float', possible loss of data
src\N3UITooltip.cpp(60): warning C4244: 'argument': conversion from 'LONG' to 'float', possible loss of data
src\N3UITooltip.cpp(134): warning C4018: '>': signed/unsigned mismatch
src\N3UITooltip.cpp(136): warning C4018: '<': signed/unsigned mismatch
src\N3UITooltip.cpp(138): warning C4018: '>': signed/unsigned mismatch
src\N3UITooltip.cpp(140): warning C4018: '<': signed/unsigned mismatch
src\N3UITooltip.cpp(149): warning C4244: 'initializing': conversion from 'float' to 'int', possible loss of data
  N3UITrackBar.cpp
  _WIN32_WINNT not defined. Defaulting to _WIN32_WINNT_MAXVER (see WinSDKVer.h)
  C:\Program Files (x86)\Windows Kits\8.1\Include\um\DInput.h: DIRECTINPUT_VERSION undefined. Defaulting to version 0x0800
c:\users\srmeier\desktop\knightonline\n3base\include\N3UIBase.h(143): warning C4018: '>=': signed/unsigned mismatch
src\N3UITrackBar.cpp(83): warning C4244: '=': conversion from 'float' to 'LONG', possible loss of data
src\N3UITrackBar.cpp(84): warning C4244: '=': conversion from 'float' to 'LONG', possible loss of data
src\N3UITrackBar.cpp(88): warning C4244: '=': conversion from 'float' to 'LONG', possible loss of data
src\N3UITrackBar.cpp(89): warning C4244: '=': conversion from 'float' to 'LONG', possible loss of data
src\N3UITrackBar.cpp(188): warning C4244: 'initializing': conversion from 'int' to 'float', possible loss of data
src\N3UITrackBar.cpp(195): warning C4244: 'initializing': conversion from 'float' to 'int', possible loss of data
src\N3UITrackBar.cpp(200): warning C4244: 'initializing': conversion from 'float' to 'int', possible loss of data
src\N3UITrackBar.cpp(233): warning C4244: '=': conversion from 'float' to 'int', possible loss of data
src\N3UITrackBar.cpp(258): warning C4244: '=': conversion from 'float' to 'int', possible loss of data
  N3UIWndBase.cpp
  _WIN32_WINNT not defined. Defaulting to _WIN32_WINNT_MAXVER (see WinSDKVer.h)
  C:\Program Files (x86)\Windows Kits\8.1\Include\um\DInput.h: DIRECTINPUT_VERSION undefined. Defaulting to version 0x0800
C:\Users\srmeier\Desktop\KnightOnline\N3Base\include\N3UIBase.h(143): warning C4018: '>=': signed/unsigned mismatch
C:\Users\srmeier\Desktop\KnightOnline\N3Base\include\N3UIString.h(70): warning C4114: same type qualifier used more than once
src\N3UIWndBase.cpp(80): warning C4996: 'sprintf': This function or variable may be unsafe. Consider using sprintf_s instead. To disable deprecation, use _CRT_SECURE_NO_WARNINGS. See online help for details.
  C:\Program Files (x86)\Windows Kits\10\Include\10.0.10240.0\ucrt\stdio.h(1769): note: see declaration of 'sprintf'
src\N3UIWndBase.cpp(97): warning C4996: 'sprintf': This function or variable may be unsafe. Consider using sprintf_s instead. To disable deprecation, use _CRT_SECURE_NO_WARNINGS. See online help for details.
  C:\Program Files (x86)\Windows Kits\10\Include\10.0.10240.0\ucrt\stdio.h(1769): note: see declaration of 'sprintf'
  N3VMesh.cpp
  _WIN32_WINNT not defined. Defaulting to _WIN32_WINNT_MAXVER (see WinSDKVer.h)
  N3WorldBase.cpp
  _WIN32_WINNT not defined. Defaulting to _WIN32_WINNT_MAXVER (see WinSDKVer.h)
  C:\Program Files (x86)\Windows Kits\8.1\Include\um\DInput.h: DIRECTINPUT_VERSION undefined. Defaulting to version 0x0800
  N3WorldManager.cpp
  _WIN32_WINNT not defined. Defaulting to _WIN32_WINNT_MAXVER (see WinSDKVer.h)
  C:\Program Files (x86)\Windows Kits\8.1\Include\um\DInput.h: DIRECTINPUT_VERSION undefined. Defaulting to version 0x0800
C:\Users\srmeier\Desktop\KnightOnline\N3Base\include\N3Shape.h(54): warning C4018: '>=': signed/unsigned mismatch
C:\Users\srmeier\Desktop\KnightOnline\N3Base\include\N3Shape.h(60): warning C4018: '>=': signed/unsigned mismatch
C:\Users\srmeier\Desktop\KnightOnline\N3Base\include\N3Shape.h(67): warning C4018: '>=': signed/unsigned mismatch
C:\Users\srmeier\Desktop\KnightOnline\N3Base\include\N3Shape.h(136): warning C4018: '>=': signed/unsigned mismatch
c:\users\srmeier\desktop\knightonline\n3base\include\N3AnimControl.h(166): warning C4018: '>=': signed/unsigned mismatch
c:\users\srmeier\desktop\knightonline\n3base\include\N3Joint.h(53): warning C4018: '>': signed/unsigned mismatch
C:\Users\srmeier\Desktop\KnightOnline\N3Base\include\N3Chr.h(300): warning C4018: '>': signed/unsigned mismatch
C:\Users\srmeier\Desktop\KnightOnline\N3Base\include\N3Chr.h(313): warning C4018: '>=': signed/unsigned mismatch
C:\Users\srmeier\Desktop\KnightOnline\N3Base\include\N3Chr.h(320): warning C4018: '>=': signed/unsigned mismatch
C:\Users\srmeier\Desktop\KnightOnline\WarFare\include\GameEng.h(113): warning C4018: '>=': signed/unsigned mismatch
  Pick.cpp
  _WIN32_WINNT not defined. Defaulting to _WIN32_WINNT_MAXVER (see WinSDKVer.h)
  Compiling...
  WaveFile.cpp
  N3Base.vcxproj -> C:\Users\srmeier\Desktop\KnightOnline\N3Base\lib\N3Base.lib
